Elasticsearch Bulk Operation Error Log
Index: datatable5-index
Timestamp: 2025-09-22T18:29:14.698Z
Total Errors: 100

ERROR PATTERNS:
================

1. mapper_parsing_exception in field "data.Order_Date"
   Reason: Expected date, but got string values
   Count: 100 records
   Sample values: 5/28/2010, 8/22/2012, 5/2/2014
   Sample documents: geuvcpkB_VXifmt_50YO, guuvcpkB_VXifmt_50YO, g-uvcpkB_VXifmt_50YO


DETAILED ERRORS:
=================

Record 0:
  Document ID: geuvcpkB_VXifmt_50YO
  Status: 400
  Error: {
  "type": "mapper_parsing_exception",
  "reason": "failed to parse field [data.Order_Date] of type [date] in document with id 'geuvcpkB_VXifmt_50YO'. Preview of field's value: '5/28/2010'",
  "caused_by": {
    "type": "illegal_argument_exception",
    "reason": "failed to parse date field [5/28/2010] with format [strict_date_optional_time||epoch_millis]",
    "caused_by": {
      "type": "date_time_parse_exception",
      "reason": "Failed to parse with all enclosed parsers"
    }
  }
}

Record 1:
  Document ID: guuvcpkB_VXifmt_50YO
  Status: 400
  Error: {
  "type": "mapper_parsing_exception",
  "reason": "failed to parse field [data.Order_Date] of type [date] in document with id 'guuvcpkB_VXifmt_50YO'. Preview of field's value: '8/22/2012'",
  "caused_by": {
    "type": "illegal_argument_exception",
    "reason": "failed to parse date field [8/22/2012] with format [strict_date_optional_time||epoch_millis]",
    "caused_by": {
      "type": "date_time_parse_exception",
      "reason": "Failed to parse with all enclosed parsers"
    }
  }
}

Record 2:
  Document ID: g-uvcpkB_VXifmt_50YO
  Status: 400
  Error: {
  "type": "mapper_parsing_exception",
  "reason": "failed to parse field [data.Order_Date] of type [date] in document with id 'g-uvcpkB_VXifmt_50YO'. Preview of field's value: '5/2/2014'",
  "caused_by": {
    "type": "illegal_argument_exception",
    "reason": "failed to parse date field [5/2/2014] with format [strict_date_optional_time||epoch_millis]",
    "caused_by": {
      "type": "date_time_parse_exception",
      "reason": "Failed to parse with all enclosed parsers"
    }
  }
}

Record 3:
  Document ID: hOuvcpkB_VXifmt_50YO
  Status: 400
  Error: {
  "type": "mapper_parsing_exception",
  "reason": "failed to parse field [data.Order_Date] of type [date] in document with id 'hOuvcpkB_VXifmt_50YO'. Preview of field's value: '6/20/2014'",
  "caused_by": {
    "type": "illegal_argument_exception",
    "reason": "failed to parse date field [6/20/2014] with format [strict_date_optional_time||epoch_millis]",
    "caused_by": {
      "type": "date_time_parse_exception",
      "reason": "Failed to parse with all enclosed parsers"
    }
  }
}

Record 4:
  Document ID: heuvcpkB_VXifmt_50YO
  Status: 400
  Error: {
  "type": "mapper_parsing_exception",
  "reason": "failed to parse field [data.Order_Date] of type [date] in document with id 'heuvcpkB_VXifmt_50YO'. Preview of field's value: '2/1/2013'",
  "caused_by": {
    "type": "illegal_argument_exception",
    "reason": "failed to parse date field [2/1/2013] with format [strict_date_optional_time||epoch_millis]",
    "caused_by": {
      "type": "date_time_parse_exception",
      "reason": "Failed to parse with all enclosed parsers"
    }
  }
}

Record 5:
  Document ID: huuvcpkB_VXifmt_50YO
  Status: 400
  Error: {
  "type": "mapper_parsing_exception",
  "reason": "failed to parse field [data.Order_Date] of type [date] in document with id 'huuvcpkB_VXifmt_50YO'. Preview of field's value: '2/4/2015'",
  "caused_by": {
    "type": "illegal_argument_exception",
    "reason": "failed to parse date field [2/4/2015] with format [strict_date_optional_time||epoch_millis]",
    "caused_by": {
      "type": "date_time_parse_exception",
      "reason": "Failed to parse with all enclosed parsers"
    }
  }
}

Record 6:
  Document ID: h-uvcpkB_VXifmt_50YO
  Status: 400
  Error: {
  "type": "mapper_parsing_exception",
  "reason": "failed to parse field [data.Order_Date] of type [date] in document with id 'h-uvcpkB_VXifmt_50YO'. Preview of field's value: '4/23/2011'",
  "caused_by": {
    "type": "illegal_argument_exception",
    "reason": "failed to parse date field [4/23/2011] with format [strict_date_optional_time||epoch_millis]",
    "caused_by": {
      "type": "date_time_parse_exception",
      "reason": "Failed to parse with all enclosed parsers"
    }
  }
}

Record 7:
  Document ID: iOuvcpkB_VXifmt_50YO
  Status: 400
  Error: {
  "type": "mapper_parsing_exception",
  "reason": "failed to parse field [data.Order_Date] of type [date] in document with id 'iOuvcpkB_VXifmt_50YO'. Preview of field's value: '7/17/2012'",
  "caused_by": {
    "type": "illegal_argument_exception",
    "reason": "failed to parse date field [7/17/2012] with format [strict_date_optional_time||epoch_millis]",
    "caused_by": {
      "type": "date_time_parse_exception",
      "reason": "Failed to parse with all enclosed parsers"
    }
  }
}

Record 8:
  Document ID: ieuvcpkB_VXifmt_50YO
  Status: 400
  Error: {
  "type": "mapper_parsing_exception",
  "reason": "failed to parse field [data.Order_Date] of type [date] in document with id 'ieuvcpkB_VXifmt_50YO'. Preview of field's value: '7/14/2015'",
  "caused_by": {
    "type": "illegal_argument_exception",
    "reason": "failed to parse date field [7/14/2015] with format [strict_date_optional_time||epoch_millis]",
    "caused_by": {
      "type": "date_time_parse_exception",
      "reason": "Failed to parse with all enclosed parsers"
    }
  }
}

Record 9:
  Document ID: iuuvcpkB_VXifmt_50YO
  Status: 400
  Error: {
  "type": "mapper_parsing_exception",
  "reason": "failed to parse field [data.Order_Date] of type [date] in document with id 'iuuvcpkB_VXifmt_50YO'. Preview of field's value: '4/18/2014'",
  "caused_by": {
    "type": "illegal_argument_exception",
    "reason": "failed to parse date field [4/18/2014] with format [strict_date_optional_time||epoch_millis]",
    "caused_by": {
      "type": "date_time_parse_exception",
      "reason": "Failed to parse with all enclosed parsers"
    }
  }
}

Record 10:
  Document ID: i-uvcpkB_VXifmt_50YO
  Status: 400
  Error: {
  "type": "mapper_parsing_exception",
  "reason": "failed to parse field [data.Order_Date] of type [date] in document with id 'i-uvcpkB_VXifmt_50YO'. Preview of field's value: '6/24/2011'",
  "caused_by": {
    "type": "illegal_argument_exception",
    "reason": "failed to parse date field [6/24/2011] with format [strict_date_optional_time||epoch_millis]",
    "caused_by": {
      "type": "date_time_parse_exception",
      "reason": "Failed to parse with all enclosed parsers"
    }
  }
}

Record 11:
  Document ID: jOuvcpkB_VXifmt_50YO
  Status: 400
  Error: {
  "type": "mapper_parsing_exception",
  "reason": "failed to parse field [data.Order_Date] of type [date] in document with id 'jOuvcpkB_VXifmt_50YO'. Preview of field's value: '8/2/2014'",
  "caused_by": {
    "type": "illegal_argument_exception",
    "reason": "failed to parse date field [8/2/2014] with format [strict_date_optional_time||epoch_millis]",
    "caused_by": {
      "type": "date_time_parse_exception",
      "reason": "Failed to parse with all enclosed parsers"
    }
  }
}

Record 12:
  Document ID: jeuvcpkB_VXifmt_50YO
  Status: 400
  Error: {
  "type": "mapper_parsing_exception",
  "reason": "failed to parse field [data.Order_Date] of type [date] in document with id 'jeuvcpkB_VXifmt_50YO'. Preview of field's value: '1/13/2017'",
  "caused_by": {
    "type": "illegal_argument_exception",
    "reason": "failed to parse date field [1/13/2017] with format [strict_date_optional_time||epoch_millis]",
    "caused_by": {
      "type": "date_time_parse_exception",
      "reason": "Failed to parse with all enclosed parsers"
    }
  }
}

Record 13:
  Document ID: juuvcpkB_VXifmt_50YO
  Status: 400
  Error: {
  "type": "mapper_parsing_exception",
  "reason": "failed to parse field [data.Order_Date] of type [date] in document with id 'juuvcpkB_VXifmt_50YO'. Preview of field's value: '2/8/2017'",
  "caused_by": {
    "type": "illegal_argument_exception",
    "reason": "failed to parse date field [2/8/2017] with format [strict_date_optional_time||epoch_millis]",
    "caused_by": {
      "type": "date_time_parse_exception",
      "reason": "Failed to parse with all enclosed parsers"
    }
  }
}

Record 14:
  Document ID: j-uvcpkB_VXifmt_50YO
  Status: 400
  Error: {
  "type": "mapper_parsing_exception",
  "reason": "failed to parse field [data.Order_Date] of type [date] in document with id 'j-uvcpkB_VXifmt_50YO'. Preview of field's value: '2/19/2014'",
  "caused_by": {
    "type": "illegal_argument_exception",
    "reason": "failed to parse date field [2/19/2014] with format [strict_date_optional_time||epoch_millis]",
    "caused_by": {
      "type": "date_time_parse_exception",
      "reason": "Failed to parse with all enclosed parsers"
    }
  }
}

Record 15:
  Document ID: kOuvcpkB_VXifmt_50YO
  Status: 400
  Error: {
  "type": "mapper_parsing_exception",
  "reason": "failed to parse field [data.Order_Date] of type [date] in document with id 'kOuvcpkB_VXifmt_50YO'. Preview of field's value: '4/23/2012'",
  "caused_by": {
    "type": "illegal_argument_exception",
    "reason": "failed to parse date field [4/23/2012] with format [strict_date_optional_time||epoch_millis]",
    "caused_by": {
      "type": "date_time_parse_exception",
      "reason": "Failed to parse with all enclosed parsers"
    }
  }
}

Record 16:
  Document ID: keuvcpkB_VXifmt_50YO
  Status: 400
  Error: {
  "type": "mapper_parsing_exception",
  "reason": "failed to parse field [data.Order_Date] of type [date] in document with id 'keuvcpkB_VXifmt_50YO'. Preview of field's value: '11/19/2016'",
  "caused_by": {
    "type": "illegal_argument_exception",
    "reason": "failed to parse date field [11/19/2016] with format [strict_date_optional_time||epoch_millis]",
    "caused_by": {
      "type": "date_time_parse_exception",
      "reason": "Failed to parse with all enclosed parsers"
    }
  }
}

Record 17:
  Document ID: kuuvcpkB_VXifmt_50YO
  Status: 400
  Error: {
  "type": "mapper_parsing_exception",
  "reason": "failed to parse field [data.Order_Date] of type [date] in document with id 'kuuvcpkB_VXifmt_50YO'. Preview of field's value: '4/1/2015'",
  "caused_by": {
    "type": "illegal_argument_exception",
    "reason": "failed to parse date field [4/1/2015] with format [strict_date_optional_time||epoch_millis]",
    "caused_by": {
      "type": "date_time_parse_exception",
      "reason": "Failed to parse with all enclosed parsers"
    }
  }
}

Record 18:
  Document ID: k-uvcpkB_VXifmt_50YO
  Status: 400
  Error: {
  "type": "mapper_parsing_exception",
  "reason": "failed to parse field [data.Order_Date] of type [date] in document with id 'k-uvcpkB_VXifmt_50YO'. Preview of field's value: '12/30/2010'",
  "caused_by": {
    "type": "illegal_argument_exception",
    "reason": "failed to parse date field [12/30/2010] with format [strict_date_optional_time||epoch_millis]",
    "caused_by": {
      "type": "date_time_parse_exception",
      "reason": "Failed to parse with all enclosed parsers"
    }
  }
}

Record 19:
  Document ID: lOuvcpkB_VXifmt_50YO
  Status: 400
  Error: {
  "type": "mapper_parsing_exception",
  "reason": "failed to parse field [data.Order_Date] of type [date] in document with id 'lOuvcpkB_VXifmt_50YO'. Preview of field's value: '7/31/2012'",
  "caused_by": {
    "type": "illegal_argument_exception",
    "reason": "failed to parse date field [7/31/2012] with format [strict_date_optional_time||epoch_millis]",
    "caused_by": {
      "type": "date_time_parse_exception",
      "reason": "Failed to parse with all enclosed parsers"
    }
  }
}

Record 20:
  Document ID: leuvcpkB_VXifmt_50YO
  Status: 400
  Error: {
  "type": "mapper_parsing_exception",
  "reason": "failed to parse field [data.Order_Date] of type [date] in document with id 'leuvcpkB_VXifmt_50YO'. Preview of field's value: '5/14/2014'",
  "caused_by": {
    "type": "illegal_argument_exception",
    "reason": "failed to parse date field [5/14/2014] with format [strict_date_optional_time||epoch_millis]",
    "caused_by": {
      "type": "date_time_parse_exception",
      "reason": "Failed to parse with all enclosed parsers"
    }
  }
}

Record 21:
  Document ID: luuvcpkB_VXifmt_50YO
  Status: 400
  Error: {
  "type": "mapper_parsing_exception",
  "reason": "failed to parse field [data.Order_Date] of type [date] in document with id 'luuvcpkB_VXifmt_50YO'. Preview of field's value: '7/31/2015'",
  "caused_by": {
    "type": "illegal_argument_exception",
    "reason": "failed to parse date field [7/31/2015] with format [strict_date_optional_time||epoch_millis]",
    "caused_by": {
      "type": "date_time_parse_exception",
      "reason": "Failed to parse with all enclosed parsers"
    }
  }
}

Record 22:
  Document ID: l-uvcpkB_VXifmt_50YO
  Status: 400
  Error: {
  "type": "mapper_parsing_exception",
  "reason": "failed to parse field [data.Order_Date] of type [date] in document with id 'l-uvcpkB_VXifmt_50YO'. Preview of field's value: '6/30/2016'",
  "caused_by": {
    "type": "illegal_argument_exception",
    "reason": "failed to parse date field [6/30/2016] with format [strict_date_optional_time||epoch_millis]",
    "caused_by": {
      "type": "date_time_parse_exception",
      "reason": "Failed to parse with all enclosed parsers"
    }
  }
}

Record 23:
  Document ID: mOuvcpkB_VXifmt_50YO
  Status: 400
  Error: {
  "type": "mapper_parsing_exception",
  "reason": "failed to parse field [data.Order_Date] of type [date] in document with id 'mOuvcpkB_VXifmt_50YO'. Preview of field's value: '9/8/2014'",
  "caused_by": {
    "type": "illegal_argument_exception",
    "reason": "failed to parse date field [9/8/2014] with format [strict_date_optional_time||epoch_millis]",
    "caused_by": {
      "type": "date_time_parse_exception",
      "reason": "Failed to parse with all enclosed parsers"
    }
  }
}

Record 24:
  Document ID: meuvcpkB_VXifmt_50YO
  Status: 400
  Error: {
  "type": "mapper_parsing_exception",
  "reason": "failed to parse field [data.Order_Date] of type [date] in document with id 'meuvcpkB_VXifmt_50YO'. Preview of field's value: '5/7/2016'",
  "caused_by": {
    "type": "illegal_argument_exception",
    "reason": "failed to parse date field [5/7/2016] with format [strict_date_optional_time||epoch_millis]",
    "caused_by": {
      "type": "date_time_parse_exception",
      "reason": "Failed to parse with all enclosed parsers"
    }
  }
}

Record 25:
  Document ID: muuvcpkB_VXifmt_50YO
  Status: 400
  Error: {
  "type": "mapper_parsing_exception",
  "reason": "failed to parse field [data.Order_Date] of type [date] in document with id 'muuvcpkB_VXifmt_50YO'. Preview of field's value: '5/22/2017'",
  "caused_by": {
    "type": "illegal_argument_exception",
    "reason": "failed to parse date field [5/22/2017] with format [strict_date_optional_time||epoch_millis]",
    "caused_by": {
      "type": "date_time_parse_exception",
      "reason": "Failed to parse with all enclosed parsers"
    }
  }
}

Record 26:
  Document ID: m-uvcpkB_VXifmt_50YO
  Status: 400
  Error: {
  "type": "mapper_parsing_exception",
  "reason": "failed to parse field [data.Order_Date] of type [date] in document with id 'm-uvcpkB_VXifmt_50YO'. Preview of field's value: '10/13/2014'",
  "caused_by": {
    "type": "illegal_argument_exception",
    "reason": "failed to parse date field [10/13/2014] with format [strict_date_optional_time||epoch_millis]",
    "caused_by": {
      "type": "date_time_parse_exception",
      "reason": "Failed to parse with all enclosed parsers"
    }
  }
}

Record 27:
  Document ID: nOuvcpkB_VXifmt_50YO
  Status: 400
  Error: {
  "type": "mapper_parsing_exception",
  "reason": "failed to parse field [data.Order_Date] of type [date] in document with id 'nOuvcpkB_VXifmt_50YO'. Preview of field's value: '5/7/2010'",
  "caused_by": {
    "type": "illegal_argument_exception",
    "reason": "failed to parse date field [5/7/2010] with format [strict_date_optional_time||epoch_millis]",
    "caused_by": {
      "type": "date_time_parse_exception",
      "reason": "Failed to parse with all enclosed parsers"
    }
  }
}

Record 28:
  Document ID: neuvcpkB_VXifmt_50YO
  Status: 400
  Error: {
  "type": "mapper_parsing_exception",
  "reason": "failed to parse field [data.Order_Date] of type [date] in document with id 'neuvcpkB_VXifmt_50YO'. Preview of field's value: '7/18/2014'",
  "caused_by": {
    "type": "illegal_argument_exception",
    "reason": "failed to parse date field [7/18/2014] with format [strict_date_optional_time||epoch_millis]",
    "caused_by": {
      "type": "date_time_parse_exception",
      "reason": "Failed to parse with all enclosed parsers"
    }
  }
}

Record 29:
  Document ID: nuuvcpkB_VXifmt_50YO
  Status: 400
  Error: {
  "type": "mapper_parsing_exception",
  "reason": "failed to parse field [data.Order_Date] of type [date] in document with id 'nuuvcpkB_VXifmt_50YO'. Preview of field's value: '5/26/2012'",
  "caused_by": {
    "type": "illegal_argument_exception",
    "reason": "failed to parse date field [5/26/2012] with format [strict_date_optional_time||epoch_millis]",
    "caused_by": {
      "type": "date_time_parse_exception",
      "reason": "Failed to parse with all enclosed parsers"
    }
  }
}

Record 30:
  Document ID: n-uvcpkB_VXifmt_50YO
  Status: 400
  Error: {
  "type": "mapper_parsing_exception",
  "reason": "failed to parse field [data.Order_Date] of type [date] in document with id 'n-uvcpkB_VXifmt_50YO'. Preview of field's value: '9/17/2012'",
  "caused_by": {
    "type": "illegal_argument_exception",
    "reason": "failed to parse date field [9/17/2012] with format [strict_date_optional_time||epoch_millis]",
    "caused_by": {
      "type": "date_time_parse_exception",
      "reason": "Failed to parse with all enclosed parsers"
    }
  }
}

Record 31:
  Document ID: oOuvcpkB_VXifmt_50YO
  Status: 400
  Error: {
  "type": "mapper_parsing_exception",
  "reason": "failed to parse field [data.Order_Date] of type [date] in document with id 'oOuvcpkB_VXifmt_50YO'. Preview of field's value: '12/29/2013'",
  "caused_by": {
    "type": "illegal_argument_exception",
    "reason": "failed to parse date field [12/29/2013] with format [strict_date_optional_time||epoch_millis]",
    "caused_by": {
      "type": "date_time_parse_exception",
      "reason": "Failed to parse with all enclosed parsers"
    }
  }
}

Record 32:
  Document ID: oeuvcpkB_VXifmt_50YO
  Status: 400
  Error: {
  "type": "mapper_parsing_exception",
  "reason": "failed to parse field [data.Order_Date] of type [date] in document with id 'oeuvcpkB_VXifmt_50YO'. Preview of field's value: '10/27/2015'",
  "caused_by": {
    "type": "illegal_argument_exception",
    "reason": "failed to parse date field [10/27/2015] with format [strict_date_optional_time||epoch_millis]",
    "caused_by": {
      "type": "date_time_parse_exception",
      "reason": "Failed to parse with all enclosed parsers"
    }
  }
}

Record 33:
  Document ID: ouuvcpkB_VXifmt_50YO
  Status: 400
  Error: {
  "type": "mapper_parsing_exception",
  "reason": "failed to parse field [data.Order_Date] of type [date] in document with id 'ouuvcpkB_VXifmt_50YO'. Preview of field's value: '1/16/2015'",
  "caused_by": {
    "type": "illegal_argument_exception",
    "reason": "failed to parse date field [1/16/2015] with format [strict_date_optional_time||epoch_millis]",
    "caused_by": {
      "type": "date_time_parse_exception",
      "reason": "Failed to parse with all enclosed parsers"
    }
  }
}

Record 34:
  Document ID: o-uvcpkB_VXifmt_50YO
  Status: 400
  Error: {
  "type": "mapper_parsing_exception",
  "reason": "failed to parse field [data.Order_Date] of type [date] in document with id 'o-uvcpkB_VXifmt_50YO'. Preview of field's value: '2/25/2017'",
  "caused_by": {
    "type": "illegal_argument_exception",
    "reason": "failed to parse date field [2/25/2017] with format [strict_date_optional_time||epoch_millis]",
    "caused_by": {
      "type": "date_time_parse_exception",
      "reason": "Failed to parse with all enclosed parsers"
    }
  }
}

Record 35:
  Document ID: pOuvcpkB_VXifmt_50YO
  Status: 400
  Error: {
  "type": "mapper_parsing_exception",
  "reason": "failed to parse field [data.Order_Date] of type [date] in document with id 'pOuvcpkB_VXifmt_50YO'. Preview of field's value: '5/8/2017'",
  "caused_by": {
    "type": "illegal_argument_exception",
    "reason": "failed to parse date field [5/8/2017] with format [strict_date_optional_time||epoch_millis]",
    "caused_by": {
      "type": "date_time_parse_exception",
      "reason": "Failed to parse with all enclosed parsers"
    }
  }
}

Record 36:
  Document ID: peuvcpkB_VXifmt_50YO
  Status: 400
  Error: {
  "type": "mapper_parsing_exception",
  "reason": "failed to parse field [data.Order_Date] of type [date] in document with id 'peuvcpkB_VXifmt_50YO'. Preview of field's value: '11/22/2011'",
  "caused_by": {
    "type": "illegal_argument_exception",
    "reason": "failed to parse date field [11/22/2011] with format [strict_date_optional_time||epoch_millis]",
    "caused_by": {
      "type": "date_time_parse_exception",
      "reason": "Failed to parse with all enclosed parsers"
    }
  }
}

Record 37:
  Document ID: puuvcpkB_VXifmt_50YO
  Status: 400
  Error: {
  "type": "mapper_parsing_exception",
  "reason": "failed to parse field [data.Order_Date] of type [date] in document with id 'puuvcpkB_VXifmt_50YO'. Preview of field's value: '1/14/2017'",
  "caused_by": {
    "type": "illegal_argument_exception",
    "reason": "failed to parse date field [1/14/2017] with format [strict_date_optional_time||epoch_millis]",
    "caused_by": {
      "type": "date_time_parse_exception",
      "reason": "Failed to parse with all enclosed parsers"
    }
  }
}

Record 38:
  Document ID: p-uvcpkB_VXifmt_50YO
  Status: 400
  Error: {
  "type": "mapper_parsing_exception",
  "reason": "failed to parse field [data.Order_Date] of type [date] in document with id 'p-uvcpkB_VXifmt_50YO'. Preview of field's value: '4/1/2012'",
  "caused_by": {
    "type": "illegal_argument_exception",
    "reason": "failed to parse date field [4/1/2012] with format [strict_date_optional_time||epoch_millis]",
    "caused_by": {
      "type": "date_time_parse_exception",
      "reason": "Failed to parse with all enclosed parsers"
    }
  }
}

Record 39:
  Document ID: qOuvcpkB_VXifmt_50YO
  Status: 400
  Error: {
  "type": "mapper_parsing_exception",
  "reason": "failed to parse field [data.Order_Date] of type [date] in document with id 'qOuvcpkB_VXifmt_50YO'. Preview of field's value: '2/16/2012'",
  "caused_by": {
    "type": "illegal_argument_exception",
    "reason": "failed to parse date field [2/16/2012] with format [strict_date_optional_time||epoch_millis]",
    "caused_by": {
      "type": "date_time_parse_exception",
      "reason": "Failed to parse with all enclosed parsers"
    }
  }
}

Record 40:
  Document ID: qeuvcpkB_VXifmt_50YO
  Status: 400
  Error: {
  "type": "mapper_parsing_exception",
  "reason": "failed to parse field [data.Order_Date] of type [date] in document with id 'qeuvcpkB_VXifmt_50YO'. Preview of field's value: '3/11/2017'",
  "caused_by": {
    "type": "illegal_argument_exception",
    "reason": "failed to parse date field [3/11/2017] with format [strict_date_optional_time||epoch_millis]",
    "caused_by": {
      "type": "date_time_parse_exception",
      "reason": "Failed to parse with all enclosed parsers"
    }
  }
}

Record 41:
  Document ID: quuvcpkB_VXifmt_50YO
  Status: 400
  Error: {
  "type": "mapper_parsing_exception",
  "reason": "failed to parse field [data.Order_Date] of type [date] in document with id 'quuvcpkB_VXifmt_50YO'. Preview of field's value: '2/6/2010'",
  "caused_by": {
    "type": "illegal_argument_exception",
    "reason": "failed to parse date field [2/6/2010] with format [strict_date_optional_time||epoch_millis]",
    "caused_by": {
      "type": "date_time_parse_exception",
      "reason": "Failed to parse with all enclosed parsers"
    }
  }
}

Record 42:
  Document ID: q-uvcpkB_VXifmt_50YO
  Status: 400
  Error: {
  "type": "mapper_parsing_exception",
  "reason": "failed to parse field [data.Order_Date] of type [date] in document with id 'q-uvcpkB_VXifmt_50YO'. Preview of field's value: '6/7/2012'",
  "caused_by": {
    "type": "illegal_argument_exception",
    "reason": "failed to parse date field [6/7/2012] with format [strict_date_optional_time||epoch_millis]",
    "caused_by": {
      "type": "date_time_parse_exception",
      "reason": "Failed to parse with all enclosed parsers"
    }
  }
}

Record 43:
  Document ID: rOuvcpkB_VXifmt_50YO
  Status: 400
  Error: {
  "type": "mapper_parsing_exception",
  "reason": "failed to parse field [data.Order_Date] of type [date] in document with id 'rOuvcpkB_VXifmt_50YO'. Preview of field's value: '10/6/2012'",
  "caused_by": {
    "type": "illegal_argument_exception",
    "reason": "failed to parse date field [10/6/2012] with format [strict_date_optional_time||epoch_millis]",
    "caused_by": {
      "type": "date_time_parse_exception",
      "reason": "Failed to parse with all enclosed parsers"
    }
  }
}

Record 44:
  Document ID: reuvcpkB_VXifmt_50YO
  Status: 400
  Error: {
  "type": "mapper_parsing_exception",
  "reason": "failed to parse field [data.Order_Date] of type [date] in document with id 'reuvcpkB_VXifmt_50YO'. Preview of field's value: '11/14/2015'",
  "caused_by": {
    "type": "illegal_argument_exception",
    "reason": "failed to parse date field [11/14/2015] with format [strict_date_optional_time||epoch_millis]",
    "caused_by": {
      "type": "date_time_parse_exception",
      "reason": "Failed to parse with all enclosed parsers"
    }
  }
}

Record 45:
  Document ID: ruuvcpkB_VXifmt_50YO
  Status: 400
  Error: {
  "type": "mapper_parsing_exception",
  "reason": "failed to parse field [data.Order_Date] of type [date] in document with id 'ruuvcpkB_VXifmt_50YO'. Preview of field's value: '3/29/2016'",
  "caused_by": {
    "type": "illegal_argument_exception",
    "reason": "failed to parse date field [3/29/2016] with format [strict_date_optional_time||epoch_millis]",
    "caused_by": {
      "type": "date_time_parse_exception",
      "reason": "Failed to parse with all enclosed parsers"
    }
  }
}

Record 46:
  Document ID: r-uvcpkB_VXifmt_50YO
  Status: 400
  Error: {
  "type": "mapper_parsing_exception",
  "reason": "failed to parse field [data.Order_Date] of type [date] in document with id 'r-uvcpkB_VXifmt_50YO'. Preview of field's value: '12/31/2016'",
  "caused_by": {
    "type": "illegal_argument_exception",
    "reason": "failed to parse date field [12/31/2016] with format [strict_date_optional_time||epoch_millis]",
    "caused_by": {
      "type": "date_time_parse_exception",
      "reason": "Failed to parse with all enclosed parsers"
    }
  }
}

Record 47:
  Document ID: sOuvcpkB_VXifmt_50YO
  Status: 400
  Error: {
  "type": "mapper_parsing_exception",
  "reason": "failed to parse field [data.Order_Date] of type [date] in document with id 'sOuvcpkB_VXifmt_50YO'. Preview of field's value: '12/23/2010'",
  "caused_by": {
    "type": "illegal_argument_exception",
    "reason": "failed to parse date field [12/23/2010] with format [strict_date_optional_time||epoch_millis]",
    "caused_by": {
      "type": "date_time_parse_exception",
      "reason": "Failed to parse with all enclosed parsers"
    }
  }
}

Record 48:
  Document ID: seuvcpkB_VXifmt_50YO
  Status: 400
  Error: {
  "type": "mapper_parsing_exception",
  "reason": "failed to parse field [data.Order_Date] of type [date] in document with id 'seuvcpkB_VXifmt_50YO'. Preview of field's value: '10/14/2014'",
  "caused_by": {
    "type": "illegal_argument_exception",
    "reason": "failed to parse date field [10/14/2014] with format [strict_date_optional_time||epoch_millis]",
    "caused_by": {
      "type": "date_time_parse_exception",
      "reason": "Failed to parse with all enclosed parsers"
    }
  }
}

Record 49:
  Document ID: suuvcpkB_VXifmt_50YO
  Status: 400
  Error: {
  "type": "mapper_parsing_exception",
  "reason": "failed to parse field [data.Order_Date] of type [date] in document with id 'suuvcpkB_VXifmt_50YO'. Preview of field's value: '1/11/2012'",
  "caused_by": {
    "type": "illegal_argument_exception",
    "reason": "failed to parse date field [1/11/2012] with format [strict_date_optional_time||epoch_millis]",
    "caused_by": {
      "type": "date_time_parse_exception",
      "reason": "Failed to parse with all enclosed parsers"
    }
  }
}

Record 50:
  Document ID: s-uvcpkB_VXifmt_50YO
  Status: 400
  Error: {
  "type": "mapper_parsing_exception",
  "reason": "failed to parse field [data.Order_Date] of type [date] in document with id 's-uvcpkB_VXifmt_50YO'. Preview of field's value: '2/2/2010'",
  "caused_by": {
    "type": "illegal_argument_exception",
    "reason": "failed to parse date field [2/2/2010] with format [strict_date_optional_time||epoch_millis]",
    "caused_by": {
      "type": "date_time_parse_exception",
      "reason": "Failed to parse with all enclosed parsers"
    }
  }
}

Record 51:
  Document ID: tOuvcpkB_VXifmt_50YO
  Status: 400
  Error: {
  "type": "mapper_parsing_exception",
  "reason": "failed to parse field [data.Order_Date] of type [date] in document with id 'tOuvcpkB_VXifmt_50YO'. Preview of field's value: '8/18/2013'",
  "caused_by": {
    "type": "illegal_argument_exception",
    "reason": "failed to parse date field [8/18/2013] with format [strict_date_optional_time||epoch_millis]",
    "caused_by": {
      "type": "date_time_parse_exception",
      "reason": "Failed to parse with all enclosed parsers"
    }
  }
}

Record 52:
  Document ID: teuvcpkB_VXifmt_50YO
  Status: 400
  Error: {
  "type": "mapper_parsing_exception",
  "reason": "failed to parse field [data.Order_Date] of type [date] in document with id 'teuvcpkB_VXifmt_50YO'. Preview of field's value: '3/25/2013'",
  "caused_by": {
    "type": "illegal_argument_exception",
    "reason": "failed to parse date field [3/25/2013] with format [strict_date_optional_time||epoch_millis]",
    "caused_by": {
      "type": "date_time_parse_exception",
      "reason": "Failed to parse with all enclosed parsers"
    }
  }
}

Record 53:
  Document ID: tuuvcpkB_VXifmt_50YO
  Status: 400
  Error: {
  "type": "mapper_parsing_exception",
  "reason": "failed to parse field [data.Order_Date] of type [date] in document with id 'tuuvcpkB_VXifmt_50YO'. Preview of field's value: '11/26/2011'",
  "caused_by": {
    "type": "illegal_argument_exception",
    "reason": "failed to parse date field [11/26/2011] with format [strict_date_optional_time||epoch_millis]",
    "caused_by": {
      "type": "date_time_parse_exception",
      "reason": "Failed to parse with all enclosed parsers"
    }
  }
}

Record 54:
  Document ID: t-uvcpkB_VXifmt_50YO
  Status: 400
  Error: {
  "type": "mapper_parsing_exception",
  "reason": "failed to parse field [data.Order_Date] of type [date] in document with id 't-uvcpkB_VXifmt_50YO'. Preview of field's value: '9/17/2013'",
  "caused_by": {
    "type": "illegal_argument_exception",
    "reason": "failed to parse date field [9/17/2013] with format [strict_date_optional_time||epoch_millis]",
    "caused_by": {
      "type": "date_time_parse_exception",
      "reason": "Failed to parse with all enclosed parsers"
    }
  }
}

Record 55:
  Document ID: uOuvcpkB_VXifmt_50YO
  Status: 400
  Error: {
  "type": "mapper_parsing_exception",
  "reason": "failed to parse field [data.Order_Date] of type [date] in document with id 'uOuvcpkB_VXifmt_50YO'. Preview of field's value: '6/8/2012'",
  "caused_by": {
    "type": "illegal_argument_exception",
    "reason": "failed to parse date field [6/8/2012] with format [strict_date_optional_time||epoch_millis]",
    "caused_by": {
      "type": "date_time_parse_exception",
      "reason": "Failed to parse with all enclosed parsers"
    }
  }
}

Record 56:
  Document ID: ueuvcpkB_VXifmt_50YO
  Status: 400
  Error: {
  "type": "mapper_parsing_exception",
  "reason": "failed to parse field [data.Order_Date] of type [date] in document with id 'ueuvcpkB_VXifmt_50YO'. Preview of field's value: '6/30/2010'",
  "caused_by": {
    "type": "illegal_argument_exception",
    "reason": "failed to parse date field [6/30/2010] with format [strict_date_optional_time||epoch_millis]",
    "caused_by": {
      "type": "date_time_parse_exception",
      "reason": "Failed to parse with all enclosed parsers"
    }
  }
}

Record 57:
  Document ID: uuuvcpkB_VXifmt_50YO
  Status: 400
  Error: {
  "type": "mapper_parsing_exception",
  "reason": "failed to parse field [data.Order_Date] of type [date] in document with id 'uuuvcpkB_VXifmt_50YO'. Preview of field's value: '2/23/2015'",
  "caused_by": {
    "type": "illegal_argument_exception",
    "reason": "failed to parse date field [2/23/2015] with format [strict_date_optional_time||epoch_millis]",
    "caused_by": {
      "type": "date_time_parse_exception",
      "reason": "Failed to parse with all enclosed parsers"
    }
  }
}

Record 58:
  Document ID: u-uvcpkB_VXifmt_50YO
  Status: 400
  Error: {
  "type": "mapper_parsing_exception",
  "reason": "failed to parse field [data.Order_Date] of type [date] in document with id 'u-uvcpkB_VXifmt_50YO'. Preview of field's value: '1/5/2012'",
  "caused_by": {
    "type": "illegal_argument_exception",
    "reason": "failed to parse date field [1/5/2012] with format [strict_date_optional_time||epoch_millis]",
    "caused_by": {
      "type": "date_time_parse_exception",
      "reason": "Failed to parse with all enclosed parsers"
    }
  }
}

Record 59:
  Document ID: vOuvcpkB_VXifmt_50YO
  Status: 400
  Error: {
  "type": "mapper_parsing_exception",
  "reason": "failed to parse field [data.Order_Date] of type [date] in document with id 'vOuvcpkB_VXifmt_50YO'. Preview of field's value: '4/7/2014'",
  "caused_by": {
    "type": "illegal_argument_exception",
    "reason": "failed to parse date field [4/7/2014] with format [strict_date_optional_time||epoch_millis]",
    "caused_by": {
      "type": "date_time_parse_exception",
      "reason": "Failed to parse with all enclosed parsers"
    }
  }
}

Record 60:
  Document ID: veuvcpkB_VXifmt_50YO
  Status: 400
  Error: {
  "type": "mapper_parsing_exception",
  "reason": "failed to parse field [data.Order_Date] of type [date] in document with id 'veuvcpkB_VXifmt_50YO'. Preview of field's value: '6/9/2013'",
  "caused_by": {
    "type": "illegal_argument_exception",
    "reason": "failed to parse date field [6/9/2013] with format [strict_date_optional_time||epoch_millis]",
    "caused_by": {
      "type": "date_time_parse_exception",
      "reason": "Failed to parse with all enclosed parsers"
    }
  }
}

Record 61:
  Document ID: vuuvcpkB_VXifmt_50YO
  Status: 400
  Error: {
  "type": "mapper_parsing_exception",
  "reason": "failed to parse field [data.Order_Date] of type [date] in document with id 'vuuvcpkB_VXifmt_50YO'. Preview of field's value: '6/26/2013'",
  "caused_by": {
    "type": "illegal_argument_exception",
    "reason": "failed to parse date field [6/26/2013] with format [strict_date_optional_time||epoch_millis]",
    "caused_by": {
      "type": "date_time_parse_exception",
      "reason": "Failed to parse with all enclosed parsers"
    }
  }
}

Record 62:
  Document ID: v-uvcpkB_VXifmt_50YO
  Status: 400
  Error: {
  "type": "mapper_parsing_exception",
  "reason": "failed to parse field [data.Order_Date] of type [date] in document with id 'v-uvcpkB_VXifmt_50YO'. Preview of field's value: '11/7/2011'",
  "caused_by": {
    "type": "illegal_argument_exception",
    "reason": "failed to parse date field [11/7/2011] with format [strict_date_optional_time||epoch_millis]",
    "caused_by": {
      "type": "date_time_parse_exception",
      "reason": "Failed to parse with all enclosed parsers"
    }
  }
}

Record 63:
  Document ID: wOuvcpkB_VXifmt_50YO
  Status: 400
  Error: {
  "type": "mapper_parsing_exception",
  "reason": "failed to parse field [data.Order_Date] of type [date] in document with id 'wOuvcpkB_VXifmt_50YO'. Preview of field's value: '10/30/2010'",
  "caused_by": {
    "type": "illegal_argument_exception",
    "reason": "failed to parse date field [10/30/2010] with format [strict_date_optional_time||epoch_millis]",
    "caused_by": {
      "type": "date_time_parse_exception",
      "reason": "Failed to parse with all enclosed parsers"
    }
  }
}

Record 64:
  Document ID: weuvcpkB_VXifmt_50YO
  Status: 400
  Error: {
  "type": "mapper_parsing_exception",
  "reason": "failed to parse field [data.Order_Date] of type [date] in document with id 'weuvcpkB_VXifmt_50YO'. Preview of field's value: '10/13/2013'",
  "caused_by": {
    "type": "illegal_argument_exception",
    "reason": "failed to parse date field [10/13/2013] with format [strict_date_optional_time||epoch_millis]",
    "caused_by": {
      "type": "date_time_parse_exception",
      "reason": "Failed to parse with all enclosed parsers"
    }
  }
}

Record 65:
  Document ID: wuuvcpkB_VXifmt_50YO
  Status: 400
  Error: {
  "type": "mapper_parsing_exception",
  "reason": "failed to parse field [data.Order_Date] of type [date] in document with id 'wuuvcpkB_VXifmt_50YO'. Preview of field's value: '10/11/2013'",
  "caused_by": {
    "type": "illegal_argument_exception",
    "reason": "failed to parse date field [10/11/2013] with format [strict_date_optional_time||epoch_millis]",
    "caused_by": {
      "type": "date_time_parse_exception",
      "reason": "Failed to parse with all enclosed parsers"
    }
  }
}

Record 66:
  Document ID: w-uvcpkB_VXifmt_50YO
  Status: 400
  Error: {
  "type": "mapper_parsing_exception",
  "reason": "failed to parse field [data.Order_Date] of type [date] in document with id 'w-uvcpkB_VXifmt_50YO'. Preview of field's value: '7/8/2012'",
  "caused_by": {
    "type": "illegal_argument_exception",
    "reason": "failed to parse date field [7/8/2012] with format [strict_date_optional_time||epoch_millis]",
    "caused_by": {
      "type": "date_time_parse_exception",
      "reason": "Failed to parse with all enclosed parsers"
    }
  }
}

Record 67:
  Document ID: xOuvcpkB_VXifmt_50YO
  Status: 400
  Error: {
  "type": "mapper_parsing_exception",
  "reason": "failed to parse field [data.Order_Date] of type [date] in document with id 'xOuvcpkB_VXifmt_50YO'. Preview of field's value: '7/25/2016'",
  "caused_by": {
    "type": "illegal_argument_exception",
    "reason": "failed to parse date field [7/25/2016] with format [strict_date_optional_time||epoch_millis]",
    "caused_by": {
      "type": "date_time_parse_exception",
      "reason": "Failed to parse with all enclosed parsers"
    }
  }
}

Record 68:
  Document ID: xeuvcpkB_VXifmt_50YO
  Status: 400
  Error: {
  "type": "mapper_parsing_exception",
  "reason": "failed to parse field [data.Order_Date] of type [date] in document with id 'xeuvcpkB_VXifmt_50YO'. Preview of field's value: '10/24/2010'",
  "caused_by": {
    "type": "illegal_argument_exception",
    "reason": "failed to parse date field [10/24/2010] with format [strict_date_optional_time||epoch_millis]",
    "caused_by": {
      "type": "date_time_parse_exception",
      "reason": "Failed to parse with all enclosed parsers"
    }
  }
}

Record 69:
  Document ID: xuuvcpkB_VXifmt_50YO
  Status: 400
  Error: {
  "type": "mapper_parsing_exception",
  "reason": "failed to parse field [data.Order_Date] of type [date] in document with id 'xuuvcpkB_VXifmt_50YO'. Preview of field's value: '4/25/2015'",
  "caused_by": {
    "type": "illegal_argument_exception",
    "reason": "failed to parse date field [4/25/2015] with format [strict_date_optional_time||epoch_millis]",
    "caused_by": {
      "type": "date_time_parse_exception",
      "reason": "Failed to parse with all enclosed parsers"
    }
  }
}

Record 70:
  Document ID: x-uvcpkB_VXifmt_50YO
  Status: 400
  Error: {
  "type": "mapper_parsing_exception",
  "reason": "failed to parse field [data.Order_Date] of type [date] in document with id 'x-uvcpkB_VXifmt_50YO'. Preview of field's value: '4/23/2013'",
  "caused_by": {
    "type": "illegal_argument_exception",
    "reason": "failed to parse date field [4/23/2013] with format [strict_date_optional_time||epoch_millis]",
    "caused_by": {
      "type": "date_time_parse_exception",
      "reason": "Failed to parse with all enclosed parsers"
    }
  }
}

Record 71:
  Document ID: yOuvcpkB_VXifmt_50YO
  Status: 400
  Error: {
  "type": "mapper_parsing_exception",
  "reason": "failed to parse field [data.Order_Date] of type [date] in document with id 'yOuvcpkB_VXifmt_50YO'. Preview of field's value: '8/14/2015'",
  "caused_by": {
    "type": "illegal_argument_exception",
    "reason": "failed to parse date field [8/14/2015] with format [strict_date_optional_time||epoch_millis]",
    "caused_by": {
      "type": "date_time_parse_exception",
      "reason": "Failed to parse with all enclosed parsers"
    }
  }
}

Record 72:
  Document ID: yeuvcpkB_VXifmt_50YO
  Status: 400
  Error: {
  "type": "mapper_parsing_exception",
  "reason": "failed to parse field [data.Order_Date] of type [date] in document with id 'yeuvcpkB_VXifmt_50YO'. Preview of field's value: '5/26/2011'",
  "caused_by": {
    "type": "illegal_argument_exception",
    "reason": "failed to parse date field [5/26/2011] with format [strict_date_optional_time||epoch_millis]",
    "caused_by": {
      "type": "date_time_parse_exception",
      "reason": "Failed to parse with all enclosed parsers"
    }
  }
}

Record 73:
  Document ID: yuuvcpkB_VXifmt_50YO
  Status: 400
  Error: {
  "type": "mapper_parsing_exception",
  "reason": "failed to parse field [data.Order_Date] of type [date] in document with id 'yuuvcpkB_VXifmt_50YO'. Preview of field's value: '5/20/2017'",
  "caused_by": {
    "type": "illegal_argument_exception",
    "reason": "failed to parse date field [5/20/2017] with format [strict_date_optional_time||epoch_millis]",
    "caused_by": {
      "type": "date_time_parse_exception",
      "reason": "Failed to parse with all enclosed parsers"
    }
  }
}

Record 74:
  Document ID: y-uvcpkB_VXifmt_50YO
  Status: 400
  Error: {
  "type": "mapper_parsing_exception",
  "reason": "failed to parse field [data.Order_Date] of type [date] in document with id 'y-uvcpkB_VXifmt_50YO'. Preview of field's value: '7/5/2013'",
  "caused_by": {
    "type": "illegal_argument_exception",
    "reason": "failed to parse date field [7/5/2013] with format [strict_date_optional_time||epoch_millis]",
    "caused_by": {
      "type": "date_time_parse_exception",
      "reason": "Failed to parse with all enclosed parsers"
    }
  }
}

Record 75:
  Document ID: zOuvcpkB_VXifmt_50YO
  Status: 400
  Error: {
  "type": "mapper_parsing_exception",
  "reason": "failed to parse field [data.Order_Date] of type [date] in document with id 'zOuvcpkB_VXifmt_50YO'. Preview of field's value: '11/6/2014'",
  "caused_by": {
    "type": "illegal_argument_exception",
    "reason": "failed to parse date field [11/6/2014] with format [strict_date_optional_time||epoch_millis]",
    "caused_by": {
      "type": "date_time_parse_exception",
      "reason": "Failed to parse with all enclosed parsers"
    }
  }
}

Record 76:
  Document ID: zeuvcpkB_VXifmt_50YO
  Status: 400
  Error: {
  "type": "mapper_parsing_exception",
  "reason": "failed to parse field [data.Order_Date] of type [date] in document with id 'zeuvcpkB_VXifmt_50YO'. Preview of field's value: '10/28/2014'",
  "caused_by": {
    "type": "illegal_argument_exception",
    "reason": "failed to parse date field [10/28/2014] with format [strict_date_optional_time||epoch_millis]",
    "caused_by": {
      "type": "date_time_parse_exception",
      "reason": "Failed to parse with all enclosed parsers"
    }
  }
}

Record 77:
  Document ID: zuuvcpkB_VXifmt_50YO
  Status: 400
  Error: {
  "type": "mapper_parsing_exception",
  "reason": "failed to parse field [data.Order_Date] of type [date] in document with id 'zuuvcpkB_VXifmt_50YO'. Preview of field's value: '9/15/2011'",
  "caused_by": {
    "type": "illegal_argument_exception",
    "reason": "failed to parse date field [9/15/2011] with format [strict_date_optional_time||epoch_millis]",
    "caused_by": {
      "type": "date_time_parse_exception",
      "reason": "Failed to parse with all enclosed parsers"
    }
  }
}

Record 78:
  Document ID: z-uvcpkB_VXifmt_50YO
  Status: 400
  Error: {
  "type": "mapper_parsing_exception",
  "reason": "failed to parse field [data.Order_Date] of type [date] in document with id 'z-uvcpkB_VXifmt_50YO'. Preview of field's value: '5/29/2012'",
  "caused_by": {
    "type": "illegal_argument_exception",
    "reason": "failed to parse date field [5/29/2012] with format [strict_date_optional_time||epoch_millis]",
    "caused_by": {
      "type": "date_time_parse_exception",
      "reason": "Failed to parse with all enclosed parsers"
    }
  }
}

Record 79:
  Document ID: 0OuvcpkB_VXifmt_50YO
  Status: 400
  Error: {
  "type": "mapper_parsing_exception",
  "reason": "failed to parse field [data.Order_Date] of type [date] in document with id '0OuvcpkB_VXifmt_50YO'. Preview of field's value: '7/20/2013'",
  "caused_by": {
    "type": "illegal_argument_exception",
    "reason": "failed to parse date field [7/20/2013] with format [strict_date_optional_time||epoch_millis]",
    "caused_by": {
      "type": "date_time_parse_exception",
      "reason": "Failed to parse with all enclosed parsers"
    }
  }
}

Record 80:
  Document ID: 0euvcpkB_VXifmt_50YO
  Status: 400
  Error: {
  "type": "mapper_parsing_exception",
  "reason": "failed to parse field [data.Order_Date] of type [date] in document with id '0euvcpkB_VXifmt_50YO'. Preview of field's value: '10/21/2012'",
  "caused_by": {
    "type": "illegal_argument_exception",
    "reason": "failed to parse date field [10/21/2012] with format [strict_date_optional_time||epoch_millis]",
    "caused_by": {
      "type": "date_time_parse_exception",
      "reason": "Failed to parse with all enclosed parsers"
    }
  }
}

Record 81:
  Document ID: 0uuvcpkB_VXifmt_50YO
  Status: 400
  Error: {
  "type": "mapper_parsing_exception",
  "reason": "failed to parse field [data.Order_Date] of type [date] in document with id '0uuvcpkB_VXifmt_50YO'. Preview of field's value: '9/18/2012'",
  "caused_by": {
    "type": "illegal_argument_exception",
    "reason": "failed to parse date field [9/18/2012] with format [strict_date_optional_time||epoch_millis]",
    "caused_by": {
      "type": "date_time_parse_exception",
      "reason": "Failed to parse with all enclosed parsers"
    }
  }
}

Record 82:
  Document ID: 0-uvcpkB_VXifmt_50YO
  Status: 400
  Error: {
  "type": "mapper_parsing_exception",
  "reason": "failed to parse field [data.Order_Date] of type [date] in document with id '0-uvcpkB_VXifmt_50YO'. Preview of field's value: '11/15/2016'",
  "caused_by": {
    "type": "illegal_argument_exception",
    "reason": "failed to parse date field [11/15/2016] with format [strict_date_optional_time||epoch_millis]",
    "caused_by": {
      "type": "date_time_parse_exception",
      "reason": "Failed to parse with all enclosed parsers"
    }
  }
}

Record 83:
  Document ID: 1OuvcpkB_VXifmt_50YO
  Status: 400
  Error: {
  "type": "mapper_parsing_exception",
  "reason": "failed to parse field [data.Order_Date] of type [date] in document with id '1OuvcpkB_VXifmt_50YO'. Preview of field's value: '1/4/2011'",
  "caused_by": {
    "type": "illegal_argument_exception",
    "reason": "failed to parse date field [1/4/2011] with format [strict_date_optional_time||epoch_millis]",
    "caused_by": {
      "type": "date_time_parse_exception",
      "reason": "Failed to parse with all enclosed parsers"
    }
  }
}

Record 84:
  Document ID: 1euvcpkB_VXifmt_50YO
  Status: 400
  Error: {
  "type": "mapper_parsing_exception",
  "reason": "failed to parse field [data.Order_Date] of type [date] in document with id '1euvcpkB_VXifmt_50YO'. Preview of field's value: '3/18/2012'",
  "caused_by": {
    "type": "illegal_argument_exception",
    "reason": "failed to parse date field [3/18/2012] with format [strict_date_optional_time||epoch_millis]",
    "caused_by": {
      "type": "date_time_parse_exception",
      "reason": "Failed to parse with all enclosed parsers"
    }
  }
}

Record 85:
  Document ID: 1uuvcpkB_VXifmt_50YO
  Status: 400
  Error: {
  "type": "mapper_parsing_exception",
  "reason": "failed to parse field [data.Order_Date] of type [date] in document with id '1uuvcpkB_VXifmt_50YO'. Preview of field's value: '2/17/2012'",
  "caused_by": {
    "type": "illegal_argument_exception",
    "reason": "failed to parse date field [2/17/2012] with format [strict_date_optional_time||epoch_millis]",
    "caused_by": {
      "type": "date_time_parse_exception",
      "reason": "Failed to parse with all enclosed parsers"
    }
  }
}

Record 86:
  Document ID: 1-uvcpkB_VXifmt_50YO
  Status: 400
  Error: {
  "type": "mapper_parsing_exception",
  "reason": "failed to parse field [data.Order_Date] of type [date] in document with id '1-uvcpkB_VXifmt_50YO'. Preview of field's value: '1/16/2011'",
  "caused_by": {
    "type": "illegal_argument_exception",
    "reason": "failed to parse date field [1/16/2011] with format [strict_date_optional_time||epoch_millis]",
    "caused_by": {
      "type": "date_time_parse_exception",
      "reason": "Failed to parse with all enclosed parsers"
    }
  }
}

Record 87:
  Document ID: 2OuvcpkB_VXifmt_50YO
  Status: 400
  Error: {
  "type": "mapper_parsing_exception",
  "reason": "failed to parse field [data.Order_Date] of type [date] in document with id '2OuvcpkB_VXifmt_50YO'. Preview of field's value: '2/3/2014'",
  "caused_by": {
    "type": "illegal_argument_exception",
    "reason": "failed to parse date field [2/3/2014] with format [strict_date_optional_time||epoch_millis]",
    "caused_by": {
      "type": "date_time_parse_exception",
      "reason": "Failed to parse with all enclosed parsers"
    }
  }
}

Record 88:
  Document ID: 2euvcpkB_VXifmt_50YO
  Status: 400
  Error: {
  "type": "mapper_parsing_exception",
  "reason": "failed to parse field [data.Order_Date] of type [date] in document with id '2euvcpkB_VXifmt_50YO'. Preview of field's value: '4/30/2012'",
  "caused_by": {
    "type": "illegal_argument_exception",
    "reason": "failed to parse date field [4/30/2012] with format [strict_date_optional_time||epoch_millis]",
    "caused_by": {
      "type": "date_time_parse_exception",
      "reason": "Failed to parse with all enclosed parsers"
    }
  }
}

Record 89:
  Document ID: 2uuvcpkB_VXifmt_50YO
  Status: 400
  Error: {
  "type": "mapper_parsing_exception",
  "reason": "failed to parse field [data.Order_Date] of type [date] in document with id '2uuvcpkB_VXifmt_50YO'. Preview of field's value: '10/23/2016'",
  "caused_by": {
    "type": "illegal_argument_exception",
    "reason": "failed to parse date field [10/23/2016] with format [strict_date_optional_time||epoch_millis]",
    "caused_by": {
      "type": "date_time_parse_exception",
      "reason": "Failed to parse with all enclosed parsers"
    }
  }
}

Record 90:
  Document ID: 2-uvcpkB_VXifmt_50YO
  Status: 400
  Error: {
  "type": "mapper_parsing_exception",
  "reason": "failed to parse field [data.Order_Date] of type [date] in document with id '2-uvcpkB_VXifmt_50YO'. Preview of field's value: '12/6/2016'",
  "caused_by": {
    "type": "illegal_argument_exception",
    "reason": "failed to parse date field [12/6/2016] with format [strict_date_optional_time||epoch_millis]",
    "caused_by": {
      "type": "date_time_parse_exception",
      "reason": "Failed to parse with all enclosed parsers"
    }
  }
}

Record 91:
  Document ID: 3OuvcpkB_VXifmt_50YO
  Status: 400
  Error: {
  "type": "mapper_parsing_exception",
  "reason": "failed to parse field [data.Order_Date] of type [date] in document with id '3OuvcpkB_VXifmt_50YO'. Preview of field's value: '7/7/2014'",
  "caused_by": {
    "type": "illegal_argument_exception",
    "reason": "failed to parse date field [7/7/2014] with format [strict_date_optional_time||epoch_millis]",
    "caused_by": {
      "type": "date_time_parse_exception",
      "reason": "Failed to parse with all enclosed parsers"
    }
  }
}

Record 92:
  Document ID: 3euvcpkB_VXifmt_50YO
  Status: 400
  Error: {
  "type": "mapper_parsing_exception",
  "reason": "failed to parse field [data.Order_Date] of type [date] in document with id '3euvcpkB_VXifmt_50YO'. Preview of field's value: '6/13/2012'",
  "caused_by": {
    "type": "illegal_argument_exception",
    "reason": "failed to parse date field [6/13/2012] with format [strict_date_optional_time||epoch_millis]",
    "caused_by": {
      "type": "date_time_parse_exception",
      "reason": "Failed to parse with all enclosed parsers"
    }
  }
}

Record 93:
  Document ID: 3uuvcpkB_VXifmt_50YO
  Status: 400
  Error: {
  "type": "mapper_parsing_exception",
  "reason": "failed to parse field [data.Order_Date] of type [date] in document with id '3uuvcpkB_VXifmt_50YO'. Preview of field's value: '11/26/2010'",
  "caused_by": {
    "type": "illegal_argument_exception",
    "reason": "failed to parse date field [11/26/2010] with format [strict_date_optional_time||epoch_millis]",
    "caused_by": {
      "type": "date_time_parse_exception",
      "reason": "Failed to parse with all enclosed parsers"
    }
  }
}

Record 94:
  Document ID: 3-uvcpkB_VXifmt_50YO
  Status: 400
  Error: {
  "type": "mapper_parsing_exception",
  "reason": "failed to parse field [data.Order_Date] of type [date] in document with id '3-uvcpkB_VXifmt_50YO'. Preview of field's value: '2/8/2011'",
  "caused_by": {
    "type": "illegal_argument_exception",
    "reason": "failed to parse date field [2/8/2011] with format [strict_date_optional_time||epoch_millis]",
    "caused_by": {
      "type": "date_time_parse_exception",
      "reason": "Failed to parse with all enclosed parsers"
    }
  }
}

Record 95:
  Document ID: 4OuvcpkB_VXifmt_50YO
  Status: 400
  Error: {
  "type": "mapper_parsing_exception",
  "reason": "failed to parse field [data.Order_Date] of type [date] in document with id '4OuvcpkB_VXifmt_50YO'. Preview of field's value: '7/26/2011'",
  "caused_by": {
    "type": "illegal_argument_exception",
    "reason": "failed to parse date field [7/26/2011] with format [strict_date_optional_time||epoch_millis]",
    "caused_by": {
      "type": "date_time_parse_exception",
      "reason": "Failed to parse with all enclosed parsers"
    }
  }
}

Record 96:
  Document ID: 4euvcpkB_VXifmt_50YO
  Status: 400
  Error: {
  "type": "mapper_parsing_exception",
  "reason": "failed to parse field [data.Order_Date] of type [date] in document with id '4euvcpkB_VXifmt_50YO'. Preview of field's value: '11/11/2011'",
  "caused_by": {
    "type": "illegal_argument_exception",
    "reason": "failed to parse date field [11/11/2011] with format [strict_date_optional_time||epoch_millis]",
    "caused_by": {
      "type": "date_time_parse_exception",
      "reason": "Failed to parse with all enclosed parsers"
    }
  }
}

Record 97:
  Document ID: 4uuvcpkB_VXifmt_50YO
  Status: 400
  Error: {
  "type": "mapper_parsing_exception",
  "reason": "failed to parse field [data.Order_Date] of type [date] in document with id '4uuvcpkB_VXifmt_50YO'. Preview of field's value: '6/1/2016'",
  "caused_by": {
    "type": "illegal_argument_exception",
    "reason": "failed to parse date field [6/1/2016] with format [strict_date_optional_time||epoch_millis]",
    "caused_by": {
      "type": "date_time_parse_exception",
      "reason": "Failed to parse with all enclosed parsers"
    }
  }
}

Record 98:
  Document ID: 4-uvcpkB_VXifmt_50YO
  Status: 400
  Error: {
  "type": "mapper_parsing_exception",
  "reason": "failed to parse field [data.Order_Date] of type [date] in document with id '4-uvcpkB_VXifmt_50YO'. Preview of field's value: '7/30/2015'",
  "caused_by": {
    "type": "illegal_argument_exception",
    "reason": "failed to parse date field [7/30/2015] with format [strict_date_optional_time||epoch_millis]",
    "caused_by": {
      "type": "date_time_parse_exception",
      "reason": "Failed to parse with all enclosed parsers"
    }
  }
}

Record 99:
  Document ID: 5OuvcpkB_VXifmt_50YO
  Status: 400
  Error: {
  "type": "mapper_parsing_exception",
  "reason": "failed to parse field [data.Order_Date] of type [date] in document with id '5OuvcpkB_VXifmt_50YO'. Preview of field's value: '2/10/2012'",
  "caused_by": {
    "type": "illegal_argument_exception",
    "reason": "failed to parse date field [2/10/2012] with format [strict_date_optional_time||epoch_millis]",
    "caused_by": {
      "type": "date_time_parse_exception",
      "reason": "Failed to parse with all enclosed parsers"
    }
  }
}

