Elasticsearch Bulk Operation Error Log
Index: datatable3-index
Timestamp: 2025-09-19T20:10:40.753Z
Total Errors: 15

ERROR PATTERNS:
================

1. mapper_parsing_exception in field "data.Position"
   Reason: Expected integer, but got string values
   Count: 15 records
   Sample values: NC, DQ
   Sample documents: To-ZY5kBTaiZB_mJsLKi, T4-ZY5kBTaiZB_mJsLKi, UI-ZY5kBTaiZB_mJsLKi


DETAILED ERRORS:
=================

Record 14:
  Document ID: To-ZY5kBTaiZB_mJsLKi
  Status: 400
  Error: {
  "type": "mapper_parsing_exception",
  "reason": "failed to parse field [data.Position] of type [integer] in document with id 'To-ZY5kBTaiZB_mJsLKi'. Preview of field's value: 'NC'",
  "caused_by": {
    "type": "number_format_exception",
    "reason": "For input string: \"NC\""
  }
}

Record 15:
  Document ID: T4-ZY5kBTaiZB_mJsLKi
  Status: 400
  Error: {
  "type": "mapper_parsing_exception",
  "reason": "failed to parse field [data.Position] of type [integer] in document with id 'T4-ZY5kBTaiZB_mJsLKi'. Preview of field's value: 'NC'",
  "caused_by": {
    "type": "number_format_exception",
    "reason": "For input string: \"NC\""
  }
}

Record 16:
  Document ID: UI-ZY5kBTaiZB_mJsLKi
  Status: 400
  Error: {
  "type": "mapper_parsing_exception",
  "reason": "failed to parse field [data.Position] of type [integer] in document with id 'UI-ZY5kBTaiZB_mJsLKi'. Preview of field's value: 'NC'",
  "caused_by": {
    "type": "number_format_exception",
    "reason": "For input string: \"NC\""
  }
}

Record 17:
  Document ID: UY-ZY5kBTaiZB_mJsLKi
  Status: 400
  Error: {
  "type": "mapper_parsing_exception",
  "reason": "failed to parse field [data.Position] of type [integer] in document with id 'UY-ZY5kBTaiZB_mJsLKi'. Preview of field's value: 'NC'",
  "caused_by": {
    "type": "number_format_exception",
    "reason": "For input string: \"NC\""
  }
}

Record 18:
  Document ID: Uo-ZY5kBTaiZB_mJsLKi
  Status: 400
  Error: {
  "type": "mapper_parsing_exception",
  "reason": "failed to parse field [data.Position] of type [integer] in document with id 'Uo-ZY5kBTaiZB_mJsLKi'. Preview of field's value: 'DQ'",
  "caused_by": {
    "type": "number_format_exception",
    "reason": "For input string: \"DQ\""
  }
}

Record 37:
  Document ID: ZY-ZY5kBTaiZB_mJsLKi
  Status: 400
  Error: {
  "type": "mapper_parsing_exception",
  "reason": "failed to parse field [data.Position] of type [integer] in document with id 'ZY-ZY5kBTaiZB_mJsLKi'. Preview of field's value: 'NC'",
  "caused_by": {
    "type": "number_format_exception",
    "reason": "For input string: \"NC\""
  }
}

Record 38:
  Document ID: Zo-ZY5kBTaiZB_mJsLKi
  Status: 400
  Error: {
  "type": "mapper_parsing_exception",
  "reason": "failed to parse field [data.Position] of type [integer] in document with id 'Zo-ZY5kBTaiZB_mJsLKi'. Preview of field's value: 'NC'",
  "caused_by": {
    "type": "number_format_exception",
    "reason": "For input string: \"NC\""
  }
}

Record 54:
  Document ID: do-ZY5kBTaiZB_mJsLKi
  Status: 400
  Error: {
  "type": "mapper_parsing_exception",
  "reason": "failed to parse field [data.Position] of type [integer] in document with id 'do-ZY5kBTaiZB_mJsLKi'. Preview of field's value: 'NC'",
  "caused_by": {
    "type": "number_format_exception",
    "reason": "For input string: \"NC\""
  }
}

Record 55:
  Document ID: d4-ZY5kBTaiZB_mJsLKi
  Status: 400
  Error: {
  "type": "mapper_parsing_exception",
  "reason": "failed to parse field [data.Position] of type [integer] in document with id 'd4-ZY5kBTaiZB_mJsLKi'. Preview of field's value: 'NC'",
  "caused_by": {
    "type": "number_format_exception",
    "reason": "For input string: \"NC\""
  }
}

Record 56:
  Document ID: eI-ZY5kBTaiZB_mJsLKi
  Status: 400
  Error: {
  "type": "mapper_parsing_exception",
  "reason": "failed to parse field [data.Position] of type [integer] in document with id 'eI-ZY5kBTaiZB_mJsLKi'. Preview of field's value: 'NC'",
  "caused_by": {
    "type": "number_format_exception",
    "reason": "For input string: \"NC\""
  }
}

Record 57:
  Document ID: eY-ZY5kBTaiZB_mJsLKi
  Status: 400
  Error: {
  "type": "mapper_parsing_exception",
  "reason": "failed to parse field [data.Position] of type [integer] in document with id 'eY-ZY5kBTaiZB_mJsLKi'. Preview of field's value: 'NC'",
  "caused_by": {
    "type": "number_format_exception",
    "reason": "For input string: \"NC\""
  }
}

Record 58:
  Document ID: eo-ZY5kBTaiZB_mJsLKi
  Status: 400
  Error: {
  "type": "mapper_parsing_exception",
  "reason": "failed to parse field [data.Position] of type [integer] in document with id 'eo-ZY5kBTaiZB_mJsLKi'. Preview of field's value: 'NC'",
  "caused_by": {
    "type": "number_format_exception",
    "reason": "For input string: \"NC\""
  }
}

Record 76:
  Document ID: jI-ZY5kBTaiZB_mJsLKi
  Status: 400
  Error: {
  "type": "mapper_parsing_exception",
  "reason": "failed to parse field [data.Position] of type [integer] in document with id 'jI-ZY5kBTaiZB_mJsLKi'. Preview of field's value: 'NC'",
  "caused_by": {
    "type": "number_format_exception",
    "reason": "For input string: \"NC\""
  }
}

Record 77:
  Document ID: jY-ZY5kBTaiZB_mJsLKi
  Status: 400
  Error: {
  "type": "mapper_parsing_exception",
  "reason": "failed to parse field [data.Position] of type [integer] in document with id 'jY-ZY5kBTaiZB_mJsLKi'. Preview of field's value: 'NC'",
  "caused_by": {
    "type": "number_format_exception",
    "reason": "For input string: \"NC\""
  }
}

Record 78:
  Document ID: jo-ZY5kBTaiZB_mJsLKi
  Status: 400
  Error: {
  "type": "mapper_parsing_exception",
  "reason": "failed to parse field [data.Position] of type [integer] in document with id 'jo-ZY5kBTaiZB_mJsLKi'. Preview of field's value: 'NC'",
  "caused_by": {
    "type": "number_format_exception",
    "reason": "For input string: \"NC\""
  }
}

