Elasticsearch Bulk Operation Error Log
Index: datatable5-index
Timestamp: 2025-09-22T18:29:14.312Z
Total Errors: 100

ERROR PATTERNS:
================

1. mapper_parsing_exception in field "data.Order_Date"
   Reason: Expected date, but got string values
   Count: 100 records
   Sample values: 5/28/2010, 8/22/2012, 5/2/2014
   Sample documents: 8euvcpkB_VXifmt_5ETE, 8uuvcpkB_VXifmt_5ETE, 8-uvcpkB_VXifmt_5ETE


DETAILED ERRORS:
=================

Record 0:
  Document ID: 8euvcpkB_VXifmt_5ETE
  Status: 400
  Error: {
  "type": "mapper_parsing_exception",
  "reason": "failed to parse field [data.Order_Date] of type [date] in document with id '8euvcpkB_VXifmt_5ETE'. Preview of field's value: '5/28/2010'",
  "caused_by": {
    "type": "illegal_argument_exception",
    "reason": "failed to parse date field [5/28/2010] with format [strict_date_optional_time||epoch_millis]",
    "caused_by": {
      "type": "date_time_parse_exception",
      "reason": "Failed to parse with all enclosed parsers"
    }
  }
}

Record 1:
  Document ID: 8uuvcpkB_VXifmt_5ETE
  Status: 400
  Error: {
  "type": "mapper_parsing_exception",
  "reason": "failed to parse field [data.Order_Date] of type [date] in document with id '8uuvcpkB_VXifmt_5ETE'. Preview of field's value: '8/22/2012'",
  "caused_by": {
    "type": "illegal_argument_exception",
    "reason": "failed to parse date field [8/22/2012] with format [strict_date_optional_time||epoch_millis]",
    "caused_by": {
      "type": "date_time_parse_exception",
      "reason": "Failed to parse with all enclosed parsers"
    }
  }
}

Record 2:
  Document ID: 8-uvcpkB_VXifmt_5ETE
  Status: 400
  Error: {
  "type": "mapper_parsing_exception",
  "reason": "failed to parse field [data.Order_Date] of type [date] in document with id '8-uvcpkB_VXifmt_5ETE'. Preview of field's value: '5/2/2014'",
  "caused_by": {
    "type": "illegal_argument_exception",
    "reason": "failed to parse date field [5/2/2014] with format [strict_date_optional_time||epoch_millis]",
    "caused_by": {
      "type": "date_time_parse_exception",
      "reason": "Failed to parse with all enclosed parsers"
    }
  }
}

Record 3:
  Document ID: 9OuvcpkB_VXifmt_5ETE
  Status: 400
  Error: {
  "type": "mapper_parsing_exception",
  "reason": "failed to parse field [data.Order_Date] of type [date] in document with id '9OuvcpkB_VXifmt_5ETE'. Preview of field's value: '6/20/2014'",
  "caused_by": {
    "type": "illegal_argument_exception",
    "reason": "failed to parse date field [6/20/2014] with format [strict_date_optional_time||epoch_millis]",
    "caused_by": {
      "type": "date_time_parse_exception",
      "reason": "Failed to parse with all enclosed parsers"
    }
  }
}

Record 4:
  Document ID: 9euvcpkB_VXifmt_5ETE
  Status: 400
  Error: {
  "type": "mapper_parsing_exception",
  "reason": "failed to parse field [data.Order_Date] of type [date] in document with id '9euvcpkB_VXifmt_5ETE'. Preview of field's value: '2/1/2013'",
  "caused_by": {
    "type": "illegal_argument_exception",
    "reason": "failed to parse date field [2/1/2013] with format [strict_date_optional_time||epoch_millis]",
    "caused_by": {
      "type": "date_time_parse_exception",
      "reason": "Failed to parse with all enclosed parsers"
    }
  }
}

Record 5:
  Document ID: 9uuvcpkB_VXifmt_5ETE
  Status: 400
  Error: {
  "type": "mapper_parsing_exception",
  "reason": "failed to parse field [data.Order_Date] of type [date] in document with id '9uuvcpkB_VXifmt_5ETE'. Preview of field's value: '2/4/2015'",
  "caused_by": {
    "type": "illegal_argument_exception",
    "reason": "failed to parse date field [2/4/2015] with format [strict_date_optional_time||epoch_millis]",
    "caused_by": {
      "type": "date_time_parse_exception",
      "reason": "Failed to parse with all enclosed parsers"
    }
  }
}

Record 6:
  Document ID: 9-uvcpkB_VXifmt_5ETE
  Status: 400
  Error: {
  "type": "mapper_parsing_exception",
  "reason": "failed to parse field [data.Order_Date] of type [date] in document with id '9-uvcpkB_VXifmt_5ETE'. Preview of field's value: '4/23/2011'",
  "caused_by": {
    "type": "illegal_argument_exception",
    "reason": "failed to parse date field [4/23/2011] with format [strict_date_optional_time||epoch_millis]",
    "caused_by": {
      "type": "date_time_parse_exception",
      "reason": "Failed to parse with all enclosed parsers"
    }
  }
}

Record 7:
  Document ID: -OuvcpkB_VXifmt_5ETE
  Status: 400
  Error: {
  "type": "mapper_parsing_exception",
  "reason": "failed to parse field [data.Order_Date] of type [date] in document with id '-OuvcpkB_VXifmt_5ETE'. Preview of field's value: '7/17/2012'",
  "caused_by": {
    "type": "illegal_argument_exception",
    "reason": "failed to parse date field [7/17/2012] with format [strict_date_optional_time||epoch_millis]",
    "caused_by": {
      "type": "date_time_parse_exception",
      "reason": "Failed to parse with all enclosed parsers"
    }
  }
}

Record 8:
  Document ID: -euvcpkB_VXifmt_5ETE
  Status: 400
  Error: {
  "type": "mapper_parsing_exception",
  "reason": "failed to parse field [data.Order_Date] of type [date] in document with id '-euvcpkB_VXifmt_5ETE'. Preview of field's value: '7/14/2015'",
  "caused_by": {
    "type": "illegal_argument_exception",
    "reason": "failed to parse date field [7/14/2015] with format [strict_date_optional_time||epoch_millis]",
    "caused_by": {
      "type": "date_time_parse_exception",
      "reason": "Failed to parse with all enclosed parsers"
    }
  }
}

Record 9:
  Document ID: -uuvcpkB_VXifmt_5ETE
  Status: 400
  Error: {
  "type": "mapper_parsing_exception",
  "reason": "failed to parse field [data.Order_Date] of type [date] in document with id '-uuvcpkB_VXifmt_5ETE'. Preview of field's value: '4/18/2014'",
  "caused_by": {
    "type": "illegal_argument_exception",
    "reason": "failed to parse date field [4/18/2014] with format [strict_date_optional_time||epoch_millis]",
    "caused_by": {
      "type": "date_time_parse_exception",
      "reason": "Failed to parse with all enclosed parsers"
    }
  }
}

Record 10:
  Document ID: --uvcpkB_VXifmt_5ETE
  Status: 400
  Error: {
  "type": "mapper_parsing_exception",
  "reason": "failed to parse field [data.Order_Date] of type [date] in document with id '--uvcpkB_VXifmt_5ETE'. Preview of field's value: '6/24/2011'",
  "caused_by": {
    "type": "illegal_argument_exception",
    "reason": "failed to parse date field [6/24/2011] with format [strict_date_optional_time||epoch_millis]",
    "caused_by": {
      "type": "date_time_parse_exception",
      "reason": "Failed to parse with all enclosed parsers"
    }
  }
}

Record 11:
  Document ID: _OuvcpkB_VXifmt_5ETE
  Status: 400
  Error: {
  "type": "mapper_parsing_exception",
  "reason": "failed to parse field [data.Order_Date] of type [date] in document with id '_OuvcpkB_VXifmt_5ETE'. Preview of field's value: '8/2/2014'",
  "caused_by": {
    "type": "illegal_argument_exception",
    "reason": "failed to parse date field [8/2/2014] with format [strict_date_optional_time||epoch_millis]",
    "caused_by": {
      "type": "date_time_parse_exception",
      "reason": "Failed to parse with all enclosed parsers"
    }
  }
}

Record 12:
  Document ID: _euvcpkB_VXifmt_5ETE
  Status: 400
  Error: {
  "type": "mapper_parsing_exception",
  "reason": "failed to parse field [data.Order_Date] of type [date] in document with id '_euvcpkB_VXifmt_5ETE'. Preview of field's value: '1/13/2017'",
  "caused_by": {
    "type": "illegal_argument_exception",
    "reason": "failed to parse date field [1/13/2017] with format [strict_date_optional_time||epoch_millis]",
    "caused_by": {
      "type": "date_time_parse_exception",
      "reason": "Failed to parse with all enclosed parsers"
    }
  }
}

Record 13:
  Document ID: _uuvcpkB_VXifmt_5ETE
  Status: 400
  Error: {
  "type": "mapper_parsing_exception",
  "reason": "failed to parse field [data.Order_Date] of type [date] in document with id '_uuvcpkB_VXifmt_5ETE'. Preview of field's value: '2/8/2017'",
  "caused_by": {
    "type": "illegal_argument_exception",
    "reason": "failed to parse date field [2/8/2017] with format [strict_date_optional_time||epoch_millis]",
    "caused_by": {
      "type": "date_time_parse_exception",
      "reason": "Failed to parse with all enclosed parsers"
    }
  }
}

Record 14:
  Document ID: _-uvcpkB_VXifmt_5ETE
  Status: 400
  Error: {
  "type": "mapper_parsing_exception",
  "reason": "failed to parse field [data.Order_Date] of type [date] in document with id '_-uvcpkB_VXifmt_5ETE'. Preview of field's value: '2/19/2014'",
  "caused_by": {
    "type": "illegal_argument_exception",
    "reason": "failed to parse date field [2/19/2014] with format [strict_date_optional_time||epoch_millis]",
    "caused_by": {
      "type": "date_time_parse_exception",
      "reason": "Failed to parse with all enclosed parsers"
    }
  }
}

Record 15:
  Document ID: AOuvcpkB_VXifmt_5EXE
  Status: 400
  Error: {
  "type": "mapper_parsing_exception",
  "reason": "failed to parse field [data.Order_Date] of type [date] in document with id 'AOuvcpkB_VXifmt_5EXE'. Preview of field's value: '4/23/2012'",
  "caused_by": {
    "type": "illegal_argument_exception",
    "reason": "failed to parse date field [4/23/2012] with format [strict_date_optional_time||epoch_millis]",
    "caused_by": {
      "type": "date_time_parse_exception",
      "reason": "Failed to parse with all enclosed parsers"
    }
  }
}

Record 16:
  Document ID: AeuvcpkB_VXifmt_5EXE
  Status: 400
  Error: {
  "type": "mapper_parsing_exception",
  "reason": "failed to parse field [data.Order_Date] of type [date] in document with id 'AeuvcpkB_VXifmt_5EXE'. Preview of field's value: '11/19/2016'",
  "caused_by": {
    "type": "illegal_argument_exception",
    "reason": "failed to parse date field [11/19/2016] with format [strict_date_optional_time||epoch_millis]",
    "caused_by": {
      "type": "date_time_parse_exception",
      "reason": "Failed to parse with all enclosed parsers"
    }
  }
}

Record 17:
  Document ID: AuuvcpkB_VXifmt_5EXE
  Status: 400
  Error: {
  "type": "mapper_parsing_exception",
  "reason": "failed to parse field [data.Order_Date] of type [date] in document with id 'AuuvcpkB_VXifmt_5EXE'. Preview of field's value: '4/1/2015'",
  "caused_by": {
    "type": "illegal_argument_exception",
    "reason": "failed to parse date field [4/1/2015] with format [strict_date_optional_time||epoch_millis]",
    "caused_by": {
      "type": "date_time_parse_exception",
      "reason": "Failed to parse with all enclosed parsers"
    }
  }
}

Record 18:
  Document ID: A-uvcpkB_VXifmt_5EXE
  Status: 400
  Error: {
  "type": "mapper_parsing_exception",
  "reason": "failed to parse field [data.Order_Date] of type [date] in document with id 'A-uvcpkB_VXifmt_5EXE'. Preview of field's value: '12/30/2010'",
  "caused_by": {
    "type": "illegal_argument_exception",
    "reason": "failed to parse date field [12/30/2010] with format [strict_date_optional_time||epoch_millis]",
    "caused_by": {
      "type": "date_time_parse_exception",
      "reason": "Failed to parse with all enclosed parsers"
    }
  }
}

Record 19:
  Document ID: BOuvcpkB_VXifmt_5EXE
  Status: 400
  Error: {
  "type": "mapper_parsing_exception",
  "reason": "failed to parse field [data.Order_Date] of type [date] in document with id 'BOuvcpkB_VXifmt_5EXE'. Preview of field's value: '7/31/2012'",
  "caused_by": {
    "type": "illegal_argument_exception",
    "reason": "failed to parse date field [7/31/2012] with format [strict_date_optional_time||epoch_millis]",
    "caused_by": {
      "type": "date_time_parse_exception",
      "reason": "Failed to parse with all enclosed parsers"
    }
  }
}

Record 20:
  Document ID: BeuvcpkB_VXifmt_5EXE
  Status: 400
  Error: {
  "type": "mapper_parsing_exception",
  "reason": "failed to parse field [data.Order_Date] of type [date] in document with id 'BeuvcpkB_VXifmt_5EXE'. Preview of field's value: '5/14/2014'",
  "caused_by": {
    "type": "illegal_argument_exception",
    "reason": "failed to parse date field [5/14/2014] with format [strict_date_optional_time||epoch_millis]",
    "caused_by": {
      "type": "date_time_parse_exception",
      "reason": "Failed to parse with all enclosed parsers"
    }
  }
}

Record 21:
  Document ID: BuuvcpkB_VXifmt_5EXE
  Status: 400
  Error: {
  "type": "mapper_parsing_exception",
  "reason": "failed to parse field [data.Order_Date] of type [date] in document with id 'BuuvcpkB_VXifmt_5EXE'. Preview of field's value: '7/31/2015'",
  "caused_by": {
    "type": "illegal_argument_exception",
    "reason": "failed to parse date field [7/31/2015] with format [strict_date_optional_time||epoch_millis]",
    "caused_by": {
      "type": "date_time_parse_exception",
      "reason": "Failed to parse with all enclosed parsers"
    }
  }
}

Record 22:
  Document ID: B-uvcpkB_VXifmt_5EXE
  Status: 400
  Error: {
  "type": "mapper_parsing_exception",
  "reason": "failed to parse field [data.Order_Date] of type [date] in document with id 'B-uvcpkB_VXifmt_5EXE'. Preview of field's value: '6/30/2016'",
  "caused_by": {
    "type": "illegal_argument_exception",
    "reason": "failed to parse date field [6/30/2016] with format [strict_date_optional_time||epoch_millis]",
    "caused_by": {
      "type": "date_time_parse_exception",
      "reason": "Failed to parse with all enclosed parsers"
    }
  }
}

Record 23:
  Document ID: COuvcpkB_VXifmt_5EXE
  Status: 400
  Error: {
  "type": "mapper_parsing_exception",
  "reason": "failed to parse field [data.Order_Date] of type [date] in document with id 'COuvcpkB_VXifmt_5EXE'. Preview of field's value: '9/8/2014'",
  "caused_by": {
    "type": "illegal_argument_exception",
    "reason": "failed to parse date field [9/8/2014] with format [strict_date_optional_time||epoch_millis]",
    "caused_by": {
      "type": "date_time_parse_exception",
      "reason": "Failed to parse with all enclosed parsers"
    }
  }
}

Record 24:
  Document ID: CeuvcpkB_VXifmt_5EXE
  Status: 400
  Error: {
  "type": "mapper_parsing_exception",
  "reason": "failed to parse field [data.Order_Date] of type [date] in document with id 'CeuvcpkB_VXifmt_5EXE'. Preview of field's value: '5/7/2016'",
  "caused_by": {
    "type": "illegal_argument_exception",
    "reason": "failed to parse date field [5/7/2016] with format [strict_date_optional_time||epoch_millis]",
    "caused_by": {
      "type": "date_time_parse_exception",
      "reason": "Failed to parse with all enclosed parsers"
    }
  }
}

Record 25:
  Document ID: CuuvcpkB_VXifmt_5EXE
  Status: 400
  Error: {
  "type": "mapper_parsing_exception",
  "reason": "failed to parse field [data.Order_Date] of type [date] in document with id 'CuuvcpkB_VXifmt_5EXE'. Preview of field's value: '5/22/2017'",
  "caused_by": {
    "type": "illegal_argument_exception",
    "reason": "failed to parse date field [5/22/2017] with format [strict_date_optional_time||epoch_millis]",
    "caused_by": {
      "type": "date_time_parse_exception",
      "reason": "Failed to parse with all enclosed parsers"
    }
  }
}

Record 26:
  Document ID: C-uvcpkB_VXifmt_5EXE
  Status: 400
  Error: {
  "type": "mapper_parsing_exception",
  "reason": "failed to parse field [data.Order_Date] of type [date] in document with id 'C-uvcpkB_VXifmt_5EXE'. Preview of field's value: '10/13/2014'",
  "caused_by": {
    "type": "illegal_argument_exception",
    "reason": "failed to parse date field [10/13/2014] with format [strict_date_optional_time||epoch_millis]",
    "caused_by": {
      "type": "date_time_parse_exception",
      "reason": "Failed to parse with all enclosed parsers"
    }
  }
}

Record 27:
  Document ID: DOuvcpkB_VXifmt_5EXE
  Status: 400
  Error: {
  "type": "mapper_parsing_exception",
  "reason": "failed to parse field [data.Order_Date] of type [date] in document with id 'DOuvcpkB_VXifmt_5EXE'. Preview of field's value: '5/7/2010'",
  "caused_by": {
    "type": "illegal_argument_exception",
    "reason": "failed to parse date field [5/7/2010] with format [strict_date_optional_time||epoch_millis]",
    "caused_by": {
      "type": "date_time_parse_exception",
      "reason": "Failed to parse with all enclosed parsers"
    }
  }
}

Record 28:
  Document ID: DeuvcpkB_VXifmt_5EXE
  Status: 400
  Error: {
  "type": "mapper_parsing_exception",
  "reason": "failed to parse field [data.Order_Date] of type [date] in document with id 'DeuvcpkB_VXifmt_5EXE'. Preview of field's value: '7/18/2014'",
  "caused_by": {
    "type": "illegal_argument_exception",
    "reason": "failed to parse date field [7/18/2014] with format [strict_date_optional_time||epoch_millis]",
    "caused_by": {
      "type": "date_time_parse_exception",
      "reason": "Failed to parse with all enclosed parsers"
    }
  }
}

Record 29:
  Document ID: DuuvcpkB_VXifmt_5EXE
  Status: 400
  Error: {
  "type": "mapper_parsing_exception",
  "reason": "failed to parse field [data.Order_Date] of type [date] in document with id 'DuuvcpkB_VXifmt_5EXE'. Preview of field's value: '5/26/2012'",
  "caused_by": {
    "type": "illegal_argument_exception",
    "reason": "failed to parse date field [5/26/2012] with format [strict_date_optional_time||epoch_millis]",
    "caused_by": {
      "type": "date_time_parse_exception",
      "reason": "Failed to parse with all enclosed parsers"
    }
  }
}

Record 30:
  Document ID: D-uvcpkB_VXifmt_5EXE
  Status: 400
  Error: {
  "type": "mapper_parsing_exception",
  "reason": "failed to parse field [data.Order_Date] of type [date] in document with id 'D-uvcpkB_VXifmt_5EXE'. Preview of field's value: '9/17/2012'",
  "caused_by": {
    "type": "illegal_argument_exception",
    "reason": "failed to parse date field [9/17/2012] with format [strict_date_optional_time||epoch_millis]",
    "caused_by": {
      "type": "date_time_parse_exception",
      "reason": "Failed to parse with all enclosed parsers"
    }
  }
}

Record 31:
  Document ID: EOuvcpkB_VXifmt_5EXE
  Status: 400
  Error: {
  "type": "mapper_parsing_exception",
  "reason": "failed to parse field [data.Order_Date] of type [date] in document with id 'EOuvcpkB_VXifmt_5EXE'. Preview of field's value: '12/29/2013'",
  "caused_by": {
    "type": "illegal_argument_exception",
    "reason": "failed to parse date field [12/29/2013] with format [strict_date_optional_time||epoch_millis]",
    "caused_by": {
      "type": "date_time_parse_exception",
      "reason": "Failed to parse with all enclosed parsers"
    }
  }
}

Record 32:
  Document ID: EeuvcpkB_VXifmt_5EXE
  Status: 400
  Error: {
  "type": "mapper_parsing_exception",
  "reason": "failed to parse field [data.Order_Date] of type [date] in document with id 'EeuvcpkB_VXifmt_5EXE'. Preview of field's value: '10/27/2015'",
  "caused_by": {
    "type": "illegal_argument_exception",
    "reason": "failed to parse date field [10/27/2015] with format [strict_date_optional_time||epoch_millis]",
    "caused_by": {
      "type": "date_time_parse_exception",
      "reason": "Failed to parse with all enclosed parsers"
    }
  }
}

Record 33:
  Document ID: EuuvcpkB_VXifmt_5EXE
  Status: 400
  Error: {
  "type": "mapper_parsing_exception",
  "reason": "failed to parse field [data.Order_Date] of type [date] in document with id 'EuuvcpkB_VXifmt_5EXE'. Preview of field's value: '1/16/2015'",
  "caused_by": {
    "type": "illegal_argument_exception",
    "reason": "failed to parse date field [1/16/2015] with format [strict_date_optional_time||epoch_millis]",
    "caused_by": {
      "type": "date_time_parse_exception",
      "reason": "Failed to parse with all enclosed parsers"
    }
  }
}

Record 34:
  Document ID: E-uvcpkB_VXifmt_5EXE
  Status: 400
  Error: {
  "type": "mapper_parsing_exception",
  "reason": "failed to parse field [data.Order_Date] of type [date] in document with id 'E-uvcpkB_VXifmt_5EXE'. Preview of field's value: '2/25/2017'",
  "caused_by": {
    "type": "illegal_argument_exception",
    "reason": "failed to parse date field [2/25/2017] with format [strict_date_optional_time||epoch_millis]",
    "caused_by": {
      "type": "date_time_parse_exception",
      "reason": "Failed to parse with all enclosed parsers"
    }
  }
}

Record 35:
  Document ID: FOuvcpkB_VXifmt_5EXE
  Status: 400
  Error: {
  "type": "mapper_parsing_exception",
  "reason": "failed to parse field [data.Order_Date] of type [date] in document with id 'FOuvcpkB_VXifmt_5EXE'. Preview of field's value: '5/8/2017'",
  "caused_by": {
    "type": "illegal_argument_exception",
    "reason": "failed to parse date field [5/8/2017] with format [strict_date_optional_time||epoch_millis]",
    "caused_by": {
      "type": "date_time_parse_exception",
      "reason": "Failed to parse with all enclosed parsers"
    }
  }
}

Record 36:
  Document ID: FeuvcpkB_VXifmt_5EXE
  Status: 400
  Error: {
  "type": "mapper_parsing_exception",
  "reason": "failed to parse field [data.Order_Date] of type [date] in document with id 'FeuvcpkB_VXifmt_5EXE'. Preview of field's value: '11/22/2011'",
  "caused_by": {
    "type": "illegal_argument_exception",
    "reason": "failed to parse date field [11/22/2011] with format [strict_date_optional_time||epoch_millis]",
    "caused_by": {
      "type": "date_time_parse_exception",
      "reason": "Failed to parse with all enclosed parsers"
    }
  }
}

Record 37:
  Document ID: FuuvcpkB_VXifmt_5EXE
  Status: 400
  Error: {
  "type": "mapper_parsing_exception",
  "reason": "failed to parse field [data.Order_Date] of type [date] in document with id 'FuuvcpkB_VXifmt_5EXE'. Preview of field's value: '1/14/2017'",
  "caused_by": {
    "type": "illegal_argument_exception",
    "reason": "failed to parse date field [1/14/2017] with format [strict_date_optional_time||epoch_millis]",
    "caused_by": {
      "type": "date_time_parse_exception",
      "reason": "Failed to parse with all enclosed parsers"
    }
  }
}

Record 38:
  Document ID: F-uvcpkB_VXifmt_5EXF
  Status: 400
  Error: {
  "type": "mapper_parsing_exception",
  "reason": "failed to parse field [data.Order_Date] of type [date] in document with id 'F-uvcpkB_VXifmt_5EXF'. Preview of field's value: '4/1/2012'",
  "caused_by": {
    "type": "illegal_argument_exception",
    "reason": "failed to parse date field [4/1/2012] with format [strict_date_optional_time||epoch_millis]",
    "caused_by": {
      "type": "date_time_parse_exception",
      "reason": "Failed to parse with all enclosed parsers"
    }
  }
}

Record 39:
  Document ID: GOuvcpkB_VXifmt_5EXF
  Status: 400
  Error: {
  "type": "mapper_parsing_exception",
  "reason": "failed to parse field [data.Order_Date] of type [date] in document with id 'GOuvcpkB_VXifmt_5EXF'. Preview of field's value: '2/16/2012'",
  "caused_by": {
    "type": "illegal_argument_exception",
    "reason": "failed to parse date field [2/16/2012] with format [strict_date_optional_time||epoch_millis]",
    "caused_by": {
      "type": "date_time_parse_exception",
      "reason": "Failed to parse with all enclosed parsers"
    }
  }
}

Record 40:
  Document ID: GeuvcpkB_VXifmt_5EXF
  Status: 400
  Error: {
  "type": "mapper_parsing_exception",
  "reason": "failed to parse field [data.Order_Date] of type [date] in document with id 'GeuvcpkB_VXifmt_5EXF'. Preview of field's value: '3/11/2017'",
  "caused_by": {
    "type": "illegal_argument_exception",
    "reason": "failed to parse date field [3/11/2017] with format [strict_date_optional_time||epoch_millis]",
    "caused_by": {
      "type": "date_time_parse_exception",
      "reason": "Failed to parse with all enclosed parsers"
    }
  }
}

Record 41:
  Document ID: GuuvcpkB_VXifmt_5EXF
  Status: 400
  Error: {
  "type": "mapper_parsing_exception",
  "reason": "failed to parse field [data.Order_Date] of type [date] in document with id 'GuuvcpkB_VXifmt_5EXF'. Preview of field's value: '2/6/2010'",
  "caused_by": {
    "type": "illegal_argument_exception",
    "reason": "failed to parse date field [2/6/2010] with format [strict_date_optional_time||epoch_millis]",
    "caused_by": {
      "type": "date_time_parse_exception",
      "reason": "Failed to parse with all enclosed parsers"
    }
  }
}

Record 42:
  Document ID: G-uvcpkB_VXifmt_5EXF
  Status: 400
  Error: {
  "type": "mapper_parsing_exception",
  "reason": "failed to parse field [data.Order_Date] of type [date] in document with id 'G-uvcpkB_VXifmt_5EXF'. Preview of field's value: '6/7/2012'",
  "caused_by": {
    "type": "illegal_argument_exception",
    "reason": "failed to parse date field [6/7/2012] with format [strict_date_optional_time||epoch_millis]",
    "caused_by": {
      "type": "date_time_parse_exception",
      "reason": "Failed to parse with all enclosed parsers"
    }
  }
}

Record 43:
  Document ID: HOuvcpkB_VXifmt_5EXF
  Status: 400
  Error: {
  "type": "mapper_parsing_exception",
  "reason": "failed to parse field [data.Order_Date] of type [date] in document with id 'HOuvcpkB_VXifmt_5EXF'. Preview of field's value: '10/6/2012'",
  "caused_by": {
    "type": "illegal_argument_exception",
    "reason": "failed to parse date field [10/6/2012] with format [strict_date_optional_time||epoch_millis]",
    "caused_by": {
      "type": "date_time_parse_exception",
      "reason": "Failed to parse with all enclosed parsers"
    }
  }
}

Record 44:
  Document ID: HeuvcpkB_VXifmt_5EXF
  Status: 400
  Error: {
  "type": "mapper_parsing_exception",
  "reason": "failed to parse field [data.Order_Date] of type [date] in document with id 'HeuvcpkB_VXifmt_5EXF'. Preview of field's value: '11/14/2015'",
  "caused_by": {
    "type": "illegal_argument_exception",
    "reason": "failed to parse date field [11/14/2015] with format [strict_date_optional_time||epoch_millis]",
    "caused_by": {
      "type": "date_time_parse_exception",
      "reason": "Failed to parse with all enclosed parsers"
    }
  }
}

Record 45:
  Document ID: HuuvcpkB_VXifmt_5EXF
  Status: 400
  Error: {
  "type": "mapper_parsing_exception",
  "reason": "failed to parse field [data.Order_Date] of type [date] in document with id 'HuuvcpkB_VXifmt_5EXF'. Preview of field's value: '3/29/2016'",
  "caused_by": {
    "type": "illegal_argument_exception",
    "reason": "failed to parse date field [3/29/2016] with format [strict_date_optional_time||epoch_millis]",
    "caused_by": {
      "type": "date_time_parse_exception",
      "reason": "Failed to parse with all enclosed parsers"
    }
  }
}

Record 46:
  Document ID: H-uvcpkB_VXifmt_5EXF
  Status: 400
  Error: {
  "type": "mapper_parsing_exception",
  "reason": "failed to parse field [data.Order_Date] of type [date] in document with id 'H-uvcpkB_VXifmt_5EXF'. Preview of field's value: '12/31/2016'",
  "caused_by": {
    "type": "illegal_argument_exception",
    "reason": "failed to parse date field [12/31/2016] with format [strict_date_optional_time||epoch_millis]",
    "caused_by": {
      "type": "date_time_parse_exception",
      "reason": "Failed to parse with all enclosed parsers"
    }
  }
}

Record 47:
  Document ID: IOuvcpkB_VXifmt_5EXF
  Status: 400
  Error: {
  "type": "mapper_parsing_exception",
  "reason": "failed to parse field [data.Order_Date] of type [date] in document with id 'IOuvcpkB_VXifmt_5EXF'. Preview of field's value: '12/23/2010'",
  "caused_by": {
    "type": "illegal_argument_exception",
    "reason": "failed to parse date field [12/23/2010] with format [strict_date_optional_time||epoch_millis]",
    "caused_by": {
      "type": "date_time_parse_exception",
      "reason": "Failed to parse with all enclosed parsers"
    }
  }
}

Record 48:
  Document ID: IeuvcpkB_VXifmt_5EXF
  Status: 400
  Error: {
  "type": "mapper_parsing_exception",
  "reason": "failed to parse field [data.Order_Date] of type [date] in document with id 'IeuvcpkB_VXifmt_5EXF'. Preview of field's value: '10/14/2014'",
  "caused_by": {
    "type": "illegal_argument_exception",
    "reason": "failed to parse date field [10/14/2014] with format [strict_date_optional_time||epoch_millis]",
    "caused_by": {
      "type": "date_time_parse_exception",
      "reason": "Failed to parse with all enclosed parsers"
    }
  }
}

Record 49:
  Document ID: IuuvcpkB_VXifmt_5EXF
  Status: 400
  Error: {
  "type": "mapper_parsing_exception",
  "reason": "failed to parse field [data.Order_Date] of type [date] in document with id 'IuuvcpkB_VXifmt_5EXF'. Preview of field's value: '1/11/2012'",
  "caused_by": {
    "type": "illegal_argument_exception",
    "reason": "failed to parse date field [1/11/2012] with format [strict_date_optional_time||epoch_millis]",
    "caused_by": {
      "type": "date_time_parse_exception",
      "reason": "Failed to parse with all enclosed parsers"
    }
  }
}

Record 50:
  Document ID: I-uvcpkB_VXifmt_5EXF
  Status: 400
  Error: {
  "type": "mapper_parsing_exception",
  "reason": "failed to parse field [data.Order_Date] of type [date] in document with id 'I-uvcpkB_VXifmt_5EXF'. Preview of field's value: '2/2/2010'",
  "caused_by": {
    "type": "illegal_argument_exception",
    "reason": "failed to parse date field [2/2/2010] with format [strict_date_optional_time||epoch_millis]",
    "caused_by": {
      "type": "date_time_parse_exception",
      "reason": "Failed to parse with all enclosed parsers"
    }
  }
}

Record 51:
  Document ID: JOuvcpkB_VXifmt_5EXF
  Status: 400
  Error: {
  "type": "mapper_parsing_exception",
  "reason": "failed to parse field [data.Order_Date] of type [date] in document with id 'JOuvcpkB_VXifmt_5EXF'. Preview of field's value: '8/18/2013'",
  "caused_by": {
    "type": "illegal_argument_exception",
    "reason": "failed to parse date field [8/18/2013] with format [strict_date_optional_time||epoch_millis]",
    "caused_by": {
      "type": "date_time_parse_exception",
      "reason": "Failed to parse with all enclosed parsers"
    }
  }
}

Record 52:
  Document ID: JeuvcpkB_VXifmt_5EXF
  Status: 400
  Error: {
  "type": "mapper_parsing_exception",
  "reason": "failed to parse field [data.Order_Date] of type [date] in document with id 'JeuvcpkB_VXifmt_5EXF'. Preview of field's value: '3/25/2013'",
  "caused_by": {
    "type": "illegal_argument_exception",
    "reason": "failed to parse date field [3/25/2013] with format [strict_date_optional_time||epoch_millis]",
    "caused_by": {
      "type": "date_time_parse_exception",
      "reason": "Failed to parse with all enclosed parsers"
    }
  }
}

Record 53:
  Document ID: JuuvcpkB_VXifmt_5EXF
  Status: 400
  Error: {
  "type": "mapper_parsing_exception",
  "reason": "failed to parse field [data.Order_Date] of type [date] in document with id 'JuuvcpkB_VXifmt_5EXF'. Preview of field's value: '11/26/2011'",
  "caused_by": {
    "type": "illegal_argument_exception",
    "reason": "failed to parse date field [11/26/2011] with format [strict_date_optional_time||epoch_millis]",
    "caused_by": {
      "type": "date_time_parse_exception",
      "reason": "Failed to parse with all enclosed parsers"
    }
  }
}

Record 54:
  Document ID: J-uvcpkB_VXifmt_5EXF
  Status: 400
  Error: {
  "type": "mapper_parsing_exception",
  "reason": "failed to parse field [data.Order_Date] of type [date] in document with id 'J-uvcpkB_VXifmt_5EXF'. Preview of field's value: '9/17/2013'",
  "caused_by": {
    "type": "illegal_argument_exception",
    "reason": "failed to parse date field [9/17/2013] with format [strict_date_optional_time||epoch_millis]",
    "caused_by": {
      "type": "date_time_parse_exception",
      "reason": "Failed to parse with all enclosed parsers"
    }
  }
}

Record 55:
  Document ID: KOuvcpkB_VXifmt_5EXF
  Status: 400
  Error: {
  "type": "mapper_parsing_exception",
  "reason": "failed to parse field [data.Order_Date] of type [date] in document with id 'KOuvcpkB_VXifmt_5EXF'. Preview of field's value: '6/8/2012'",
  "caused_by": {
    "type": "illegal_argument_exception",
    "reason": "failed to parse date field [6/8/2012] with format [strict_date_optional_time||epoch_millis]",
    "caused_by": {
      "type": "date_time_parse_exception",
      "reason": "Failed to parse with all enclosed parsers"
    }
  }
}

Record 56:
  Document ID: KeuvcpkB_VXifmt_5EXF
  Status: 400
  Error: {
  "type": "mapper_parsing_exception",
  "reason": "failed to parse field [data.Order_Date] of type [date] in document with id 'KeuvcpkB_VXifmt_5EXF'. Preview of field's value: '6/30/2010'",
  "caused_by": {
    "type": "illegal_argument_exception",
    "reason": "failed to parse date field [6/30/2010] with format [strict_date_optional_time||epoch_millis]",
    "caused_by": {
      "type": "date_time_parse_exception",
      "reason": "Failed to parse with all enclosed parsers"
    }
  }
}

Record 57:
  Document ID: KuuvcpkB_VXifmt_5EXF
  Status: 400
  Error: {
  "type": "mapper_parsing_exception",
  "reason": "failed to parse field [data.Order_Date] of type [date] in document with id 'KuuvcpkB_VXifmt_5EXF'. Preview of field's value: '2/23/2015'",
  "caused_by": {
    "type": "illegal_argument_exception",
    "reason": "failed to parse date field [2/23/2015] with format [strict_date_optional_time||epoch_millis]",
    "caused_by": {
      "type": "date_time_parse_exception",
      "reason": "Failed to parse with all enclosed parsers"
    }
  }
}

Record 58:
  Document ID: K-uvcpkB_VXifmt_5EXF
  Status: 400
  Error: {
  "type": "mapper_parsing_exception",
  "reason": "failed to parse field [data.Order_Date] of type [date] in document with id 'K-uvcpkB_VXifmt_5EXF'. Preview of field's value: '1/5/2012'",
  "caused_by": {
    "type": "illegal_argument_exception",
    "reason": "failed to parse date field [1/5/2012] with format [strict_date_optional_time||epoch_millis]",
    "caused_by": {
      "type": "date_time_parse_exception",
      "reason": "Failed to parse with all enclosed parsers"
    }
  }
}

Record 59:
  Document ID: LOuvcpkB_VXifmt_5EXF
  Status: 400
  Error: {
  "type": "mapper_parsing_exception",
  "reason": "failed to parse field [data.Order_Date] of type [date] in document with id 'LOuvcpkB_VXifmt_5EXF'. Preview of field's value: '4/7/2014'",
  "caused_by": {
    "type": "illegal_argument_exception",
    "reason": "failed to parse date field [4/7/2014] with format [strict_date_optional_time||epoch_millis]",
    "caused_by": {
      "type": "date_time_parse_exception",
      "reason": "Failed to parse with all enclosed parsers"
    }
  }
}

Record 60:
  Document ID: LeuvcpkB_VXifmt_5EXF
  Status: 400
  Error: {
  "type": "mapper_parsing_exception",
  "reason": "failed to parse field [data.Order_Date] of type [date] in document with id 'LeuvcpkB_VXifmt_5EXF'. Preview of field's value: '6/9/2013'",
  "caused_by": {
    "type": "illegal_argument_exception",
    "reason": "failed to parse date field [6/9/2013] with format [strict_date_optional_time||epoch_millis]",
    "caused_by": {
      "type": "date_time_parse_exception",
      "reason": "Failed to parse with all enclosed parsers"
    }
  }
}

Record 61:
  Document ID: LuuvcpkB_VXifmt_5EXF
  Status: 400
  Error: {
  "type": "mapper_parsing_exception",
  "reason": "failed to parse field [data.Order_Date] of type [date] in document with id 'LuuvcpkB_VXifmt_5EXF'. Preview of field's value: '6/26/2013'",
  "caused_by": {
    "type": "illegal_argument_exception",
    "reason": "failed to parse date field [6/26/2013] with format [strict_date_optional_time||epoch_millis]",
    "caused_by": {
      "type": "date_time_parse_exception",
      "reason": "Failed to parse with all enclosed parsers"
    }
  }
}

Record 62:
  Document ID: L-uvcpkB_VXifmt_5EXF
  Status: 400
  Error: {
  "type": "mapper_parsing_exception",
  "reason": "failed to parse field [data.Order_Date] of type [date] in document with id 'L-uvcpkB_VXifmt_5EXF'. Preview of field's value: '11/7/2011'",
  "caused_by": {
    "type": "illegal_argument_exception",
    "reason": "failed to parse date field [11/7/2011] with format [strict_date_optional_time||epoch_millis]",
    "caused_by": {
      "type": "date_time_parse_exception",
      "reason": "Failed to parse with all enclosed parsers"
    }
  }
}

Record 63:
  Document ID: MOuvcpkB_VXifmt_5EXF
  Status: 400
  Error: {
  "type": "mapper_parsing_exception",
  "reason": "failed to parse field [data.Order_Date] of type [date] in document with id 'MOuvcpkB_VXifmt_5EXF'. Preview of field's value: '10/30/2010'",
  "caused_by": {
    "type": "illegal_argument_exception",
    "reason": "failed to parse date field [10/30/2010] with format [strict_date_optional_time||epoch_millis]",
    "caused_by": {
      "type": "date_time_parse_exception",
      "reason": "Failed to parse with all enclosed parsers"
    }
  }
}

Record 64:
  Document ID: MeuvcpkB_VXifmt_5EXF
  Status: 400
  Error: {
  "type": "mapper_parsing_exception",
  "reason": "failed to parse field [data.Order_Date] of type [date] in document with id 'MeuvcpkB_VXifmt_5EXF'. Preview of field's value: '10/13/2013'",
  "caused_by": {
    "type": "illegal_argument_exception",
    "reason": "failed to parse date field [10/13/2013] with format [strict_date_optional_time||epoch_millis]",
    "caused_by": {
      "type": "date_time_parse_exception",
      "reason": "Failed to parse with all enclosed parsers"
    }
  }
}

Record 65:
  Document ID: MuuvcpkB_VXifmt_5EXF
  Status: 400
  Error: {
  "type": "mapper_parsing_exception",
  "reason": "failed to parse field [data.Order_Date] of type [date] in document with id 'MuuvcpkB_VXifmt_5EXF'. Preview of field's value: '10/11/2013'",
  "caused_by": {
    "type": "illegal_argument_exception",
    "reason": "failed to parse date field [10/11/2013] with format [strict_date_optional_time||epoch_millis]",
    "caused_by": {
      "type": "date_time_parse_exception",
      "reason": "Failed to parse with all enclosed parsers"
    }
  }
}

Record 66:
  Document ID: M-uvcpkB_VXifmt_5EXF
  Status: 400
  Error: {
  "type": "mapper_parsing_exception",
  "reason": "failed to parse field [data.Order_Date] of type [date] in document with id 'M-uvcpkB_VXifmt_5EXF'. Preview of field's value: '7/8/2012'",
  "caused_by": {
    "type": "illegal_argument_exception",
    "reason": "failed to parse date field [7/8/2012] with format [strict_date_optional_time||epoch_millis]",
    "caused_by": {
      "type": "date_time_parse_exception",
      "reason": "Failed to parse with all enclosed parsers"
    }
  }
}

Record 67:
  Document ID: NOuvcpkB_VXifmt_5EXF
  Status: 400
  Error: {
  "type": "mapper_parsing_exception",
  "reason": "failed to parse field [data.Order_Date] of type [date] in document with id 'NOuvcpkB_VXifmt_5EXF'. Preview of field's value: '7/25/2016'",
  "caused_by": {
    "type": "illegal_argument_exception",
    "reason": "failed to parse date field [7/25/2016] with format [strict_date_optional_time||epoch_millis]",
    "caused_by": {
      "type": "date_time_parse_exception",
      "reason": "Failed to parse with all enclosed parsers"
    }
  }
}

Record 68:
  Document ID: NeuvcpkB_VXifmt_5EXF
  Status: 400
  Error: {
  "type": "mapper_parsing_exception",
  "reason": "failed to parse field [data.Order_Date] of type [date] in document with id 'NeuvcpkB_VXifmt_5EXF'. Preview of field's value: '10/24/2010'",
  "caused_by": {
    "type": "illegal_argument_exception",
    "reason": "failed to parse date field [10/24/2010] with format [strict_date_optional_time||epoch_millis]",
    "caused_by": {
      "type": "date_time_parse_exception",
      "reason": "Failed to parse with all enclosed parsers"
    }
  }
}

Record 69:
  Document ID: NuuvcpkB_VXifmt_5EXF
  Status: 400
  Error: {
  "type": "mapper_parsing_exception",
  "reason": "failed to parse field [data.Order_Date] of type [date] in document with id 'NuuvcpkB_VXifmt_5EXF'. Preview of field's value: '4/25/2015'",
  "caused_by": {
    "type": "illegal_argument_exception",
    "reason": "failed to parse date field [4/25/2015] with format [strict_date_optional_time||epoch_millis]",
    "caused_by": {
      "type": "date_time_parse_exception",
      "reason": "Failed to parse with all enclosed parsers"
    }
  }
}

Record 70:
  Document ID: N-uvcpkB_VXifmt_5EXF
  Status: 400
  Error: {
  "type": "mapper_parsing_exception",
  "reason": "failed to parse field [data.Order_Date] of type [date] in document with id 'N-uvcpkB_VXifmt_5EXF'. Preview of field's value: '4/23/2013'",
  "caused_by": {
    "type": "illegal_argument_exception",
    "reason": "failed to parse date field [4/23/2013] with format [strict_date_optional_time||epoch_millis]",
    "caused_by": {
      "type": "date_time_parse_exception",
      "reason": "Failed to parse with all enclosed parsers"
    }
  }
}

Record 71:
  Document ID: OOuvcpkB_VXifmt_5EXF
  Status: 400
  Error: {
  "type": "mapper_parsing_exception",
  "reason": "failed to parse field [data.Order_Date] of type [date] in document with id 'OOuvcpkB_VXifmt_5EXF'. Preview of field's value: '8/14/2015'",
  "caused_by": {
    "type": "illegal_argument_exception",
    "reason": "failed to parse date field [8/14/2015] with format [strict_date_optional_time||epoch_millis]",
    "caused_by": {
      "type": "date_time_parse_exception",
      "reason": "Failed to parse with all enclosed parsers"
    }
  }
}

Record 72:
  Document ID: OeuvcpkB_VXifmt_5EXF
  Status: 400
  Error: {
  "type": "mapper_parsing_exception",
  "reason": "failed to parse field [data.Order_Date] of type [date] in document with id 'OeuvcpkB_VXifmt_5EXF'. Preview of field's value: '5/26/2011'",
  "caused_by": {
    "type": "illegal_argument_exception",
    "reason": "failed to parse date field [5/26/2011] with format [strict_date_optional_time||epoch_millis]",
    "caused_by": {
      "type": "date_time_parse_exception",
      "reason": "Failed to parse with all enclosed parsers"
    }
  }
}

Record 73:
  Document ID: OuuvcpkB_VXifmt_5EXF
  Status: 400
  Error: {
  "type": "mapper_parsing_exception",
  "reason": "failed to parse field [data.Order_Date] of type [date] in document with id 'OuuvcpkB_VXifmt_5EXF'. Preview of field's value: '5/20/2017'",
  "caused_by": {
    "type": "illegal_argument_exception",
    "reason": "failed to parse date field [5/20/2017] with format [strict_date_optional_time||epoch_millis]",
    "caused_by": {
      "type": "date_time_parse_exception",
      "reason": "Failed to parse with all enclosed parsers"
    }
  }
}

Record 74:
  Document ID: O-uvcpkB_VXifmt_5EXF
  Status: 400
  Error: {
  "type": "mapper_parsing_exception",
  "reason": "failed to parse field [data.Order_Date] of type [date] in document with id 'O-uvcpkB_VXifmt_5EXF'. Preview of field's value: '7/5/2013'",
  "caused_by": {
    "type": "illegal_argument_exception",
    "reason": "failed to parse date field [7/5/2013] with format [strict_date_optional_time||epoch_millis]",
    "caused_by": {
      "type": "date_time_parse_exception",
      "reason": "Failed to parse with all enclosed parsers"
    }
  }
}

Record 75:
  Document ID: POuvcpkB_VXifmt_5EXF
  Status: 400
  Error: {
  "type": "mapper_parsing_exception",
  "reason": "failed to parse field [data.Order_Date] of type [date] in document with id 'POuvcpkB_VXifmt_5EXF'. Preview of field's value: '11/6/2014'",
  "caused_by": {
    "type": "illegal_argument_exception",
    "reason": "failed to parse date field [11/6/2014] with format [strict_date_optional_time||epoch_millis]",
    "caused_by": {
      "type": "date_time_parse_exception",
      "reason": "Failed to parse with all enclosed parsers"
    }
  }
}

Record 76:
  Document ID: PeuvcpkB_VXifmt_5EXF
  Status: 400
  Error: {
  "type": "mapper_parsing_exception",
  "reason": "failed to parse field [data.Order_Date] of type [date] in document with id 'PeuvcpkB_VXifmt_5EXF'. Preview of field's value: '10/28/2014'",
  "caused_by": {
    "type": "illegal_argument_exception",
    "reason": "failed to parse date field [10/28/2014] with format [strict_date_optional_time||epoch_millis]",
    "caused_by": {
      "type": "date_time_parse_exception",
      "reason": "Failed to parse with all enclosed parsers"
    }
  }
}

Record 77:
  Document ID: PuuvcpkB_VXifmt_5EXF
  Status: 400
  Error: {
  "type": "mapper_parsing_exception",
  "reason": "failed to parse field [data.Order_Date] of type [date] in document with id 'PuuvcpkB_VXifmt_5EXF'. Preview of field's value: '9/15/2011'",
  "caused_by": {
    "type": "illegal_argument_exception",
    "reason": "failed to parse date field [9/15/2011] with format [strict_date_optional_time||epoch_millis]",
    "caused_by": {
      "type": "date_time_parse_exception",
      "reason": "Failed to parse with all enclosed parsers"
    }
  }
}

Record 78:
  Document ID: P-uvcpkB_VXifmt_5EXF
  Status: 400
  Error: {
  "type": "mapper_parsing_exception",
  "reason": "failed to parse field [data.Order_Date] of type [date] in document with id 'P-uvcpkB_VXifmt_5EXF'. Preview of field's value: '5/29/2012'",
  "caused_by": {
    "type": "illegal_argument_exception",
    "reason": "failed to parse date field [5/29/2012] with format [strict_date_optional_time||epoch_millis]",
    "caused_by": {
      "type": "date_time_parse_exception",
      "reason": "Failed to parse with all enclosed parsers"
    }
  }
}

Record 79:
  Document ID: QOuvcpkB_VXifmt_5EXF
  Status: 400
  Error: {
  "type": "mapper_parsing_exception",
  "reason": "failed to parse field [data.Order_Date] of type [date] in document with id 'QOuvcpkB_VXifmt_5EXF'. Preview of field's value: '7/20/2013'",
  "caused_by": {
    "type": "illegal_argument_exception",
    "reason": "failed to parse date field [7/20/2013] with format [strict_date_optional_time||epoch_millis]",
    "caused_by": {
      "type": "date_time_parse_exception",
      "reason": "Failed to parse with all enclosed parsers"
    }
  }
}

Record 80:
  Document ID: QeuvcpkB_VXifmt_5EXF
  Status: 400
  Error: {
  "type": "mapper_parsing_exception",
  "reason": "failed to parse field [data.Order_Date] of type [date] in document with id 'QeuvcpkB_VXifmt_5EXF'. Preview of field's value: '10/21/2012'",
  "caused_by": {
    "type": "illegal_argument_exception",
    "reason": "failed to parse date field [10/21/2012] with format [strict_date_optional_time||epoch_millis]",
    "caused_by": {
      "type": "date_time_parse_exception",
      "reason": "Failed to parse with all enclosed parsers"
    }
  }
}

Record 81:
  Document ID: QuuvcpkB_VXifmt_5EXF
  Status: 400
  Error: {
  "type": "mapper_parsing_exception",
  "reason": "failed to parse field [data.Order_Date] of type [date] in document with id 'QuuvcpkB_VXifmt_5EXF'. Preview of field's value: '9/18/2012'",
  "caused_by": {
    "type": "illegal_argument_exception",
    "reason": "failed to parse date field [9/18/2012] with format [strict_date_optional_time||epoch_millis]",
    "caused_by": {
      "type": "date_time_parse_exception",
      "reason": "Failed to parse with all enclosed parsers"
    }
  }
}

Record 82:
  Document ID: Q-uvcpkB_VXifmt_5EXF
  Status: 400
  Error: {
  "type": "mapper_parsing_exception",
  "reason": "failed to parse field [data.Order_Date] of type [date] in document with id 'Q-uvcpkB_VXifmt_5EXF'. Preview of field's value: '11/15/2016'",
  "caused_by": {
    "type": "illegal_argument_exception",
    "reason": "failed to parse date field [11/15/2016] with format [strict_date_optional_time||epoch_millis]",
    "caused_by": {
      "type": "date_time_parse_exception",
      "reason": "Failed to parse with all enclosed parsers"
    }
  }
}

Record 83:
  Document ID: ROuvcpkB_VXifmt_5EXF
  Status: 400
  Error: {
  "type": "mapper_parsing_exception",
  "reason": "failed to parse field [data.Order_Date] of type [date] in document with id 'ROuvcpkB_VXifmt_5EXF'. Preview of field's value: '1/4/2011'",
  "caused_by": {
    "type": "illegal_argument_exception",
    "reason": "failed to parse date field [1/4/2011] with format [strict_date_optional_time||epoch_millis]",
    "caused_by": {
      "type": "date_time_parse_exception",
      "reason": "Failed to parse with all enclosed parsers"
    }
  }
}

Record 84:
  Document ID: ReuvcpkB_VXifmt_5EXF
  Status: 400
  Error: {
  "type": "mapper_parsing_exception",
  "reason": "failed to parse field [data.Order_Date] of type [date] in document with id 'ReuvcpkB_VXifmt_5EXF'. Preview of field's value: '3/18/2012'",
  "caused_by": {
    "type": "illegal_argument_exception",
    "reason": "failed to parse date field [3/18/2012] with format [strict_date_optional_time||epoch_millis]",
    "caused_by": {
      "type": "date_time_parse_exception",
      "reason": "Failed to parse with all enclosed parsers"
    }
  }
}

Record 85:
  Document ID: RuuvcpkB_VXifmt_5EXF
  Status: 400
  Error: {
  "type": "mapper_parsing_exception",
  "reason": "failed to parse field [data.Order_Date] of type [date] in document with id 'RuuvcpkB_VXifmt_5EXF'. Preview of field's value: '2/17/2012'",
  "caused_by": {
    "type": "illegal_argument_exception",
    "reason": "failed to parse date field [2/17/2012] with format [strict_date_optional_time||epoch_millis]",
    "caused_by": {
      "type": "date_time_parse_exception",
      "reason": "Failed to parse with all enclosed parsers"
    }
  }
}

Record 86:
  Document ID: R-uvcpkB_VXifmt_5EXF
  Status: 400
  Error: {
  "type": "mapper_parsing_exception",
  "reason": "failed to parse field [data.Order_Date] of type [date] in document with id 'R-uvcpkB_VXifmt_5EXF'. Preview of field's value: '1/16/2011'",
  "caused_by": {
    "type": "illegal_argument_exception",
    "reason": "failed to parse date field [1/16/2011] with format [strict_date_optional_time||epoch_millis]",
    "caused_by": {
      "type": "date_time_parse_exception",
      "reason": "Failed to parse with all enclosed parsers"
    }
  }
}

Record 87:
  Document ID: SOuvcpkB_VXifmt_5EXF
  Status: 400
  Error: {
  "type": "mapper_parsing_exception",
  "reason": "failed to parse field [data.Order_Date] of type [date] in document with id 'SOuvcpkB_VXifmt_5EXF'. Preview of field's value: '2/3/2014'",
  "caused_by": {
    "type": "illegal_argument_exception",
    "reason": "failed to parse date field [2/3/2014] with format [strict_date_optional_time||epoch_millis]",
    "caused_by": {
      "type": "date_time_parse_exception",
      "reason": "Failed to parse with all enclosed parsers"
    }
  }
}

Record 88:
  Document ID: SeuvcpkB_VXifmt_5EXF
  Status: 400
  Error: {
  "type": "mapper_parsing_exception",
  "reason": "failed to parse field [data.Order_Date] of type [date] in document with id 'SeuvcpkB_VXifmt_5EXF'. Preview of field's value: '4/30/2012'",
  "caused_by": {
    "type": "illegal_argument_exception",
    "reason": "failed to parse date field [4/30/2012] with format [strict_date_optional_time||epoch_millis]",
    "caused_by": {
      "type": "date_time_parse_exception",
      "reason": "Failed to parse with all enclosed parsers"
    }
  }
}

Record 89:
  Document ID: SuuvcpkB_VXifmt_5EXF
  Status: 400
  Error: {
  "type": "mapper_parsing_exception",
  "reason": "failed to parse field [data.Order_Date] of type [date] in document with id 'SuuvcpkB_VXifmt_5EXF'. Preview of field's value: '10/23/2016'",
  "caused_by": {
    "type": "illegal_argument_exception",
    "reason": "failed to parse date field [10/23/2016] with format [strict_date_optional_time||epoch_millis]",
    "caused_by": {
      "type": "date_time_parse_exception",
      "reason": "Failed to parse with all enclosed parsers"
    }
  }
}

Record 90:
  Document ID: S-uvcpkB_VXifmt_5EXF
  Status: 400
  Error: {
  "type": "mapper_parsing_exception",
  "reason": "failed to parse field [data.Order_Date] of type [date] in document with id 'S-uvcpkB_VXifmt_5EXF'. Preview of field's value: '12/6/2016'",
  "caused_by": {
    "type": "illegal_argument_exception",
    "reason": "failed to parse date field [12/6/2016] with format [strict_date_optional_time||epoch_millis]",
    "caused_by": {
      "type": "date_time_parse_exception",
      "reason": "Failed to parse with all enclosed parsers"
    }
  }
}

Record 91:
  Document ID: TOuvcpkB_VXifmt_5EXF
  Status: 400
  Error: {
  "type": "mapper_parsing_exception",
  "reason": "failed to parse field [data.Order_Date] of type [date] in document with id 'TOuvcpkB_VXifmt_5EXF'. Preview of field's value: '7/7/2014'",
  "caused_by": {
    "type": "illegal_argument_exception",
    "reason": "failed to parse date field [7/7/2014] with format [strict_date_optional_time||epoch_millis]",
    "caused_by": {
      "type": "date_time_parse_exception",
      "reason": "Failed to parse with all enclosed parsers"
    }
  }
}

Record 92:
  Document ID: TeuvcpkB_VXifmt_5EXF
  Status: 400
  Error: {
  "type": "mapper_parsing_exception",
  "reason": "failed to parse field [data.Order_Date] of type [date] in document with id 'TeuvcpkB_VXifmt_5EXF'. Preview of field's value: '6/13/2012'",
  "caused_by": {
    "type": "illegal_argument_exception",
    "reason": "failed to parse date field [6/13/2012] with format [strict_date_optional_time||epoch_millis]",
    "caused_by": {
      "type": "date_time_parse_exception",
      "reason": "Failed to parse with all enclosed parsers"
    }
  }
}

Record 93:
  Document ID: TuuvcpkB_VXifmt_5EXF
  Status: 400
  Error: {
  "type": "mapper_parsing_exception",
  "reason": "failed to parse field [data.Order_Date] of type [date] in document with id 'TuuvcpkB_VXifmt_5EXF'. Preview of field's value: '11/26/2010'",
  "caused_by": {
    "type": "illegal_argument_exception",
    "reason": "failed to parse date field [11/26/2010] with format [strict_date_optional_time||epoch_millis]",
    "caused_by": {
      "type": "date_time_parse_exception",
      "reason": "Failed to parse with all enclosed parsers"
    }
  }
}

Record 94:
  Document ID: T-uvcpkB_VXifmt_5EXF
  Status: 400
  Error: {
  "type": "mapper_parsing_exception",
  "reason": "failed to parse field [data.Order_Date] of type [date] in document with id 'T-uvcpkB_VXifmt_5EXF'. Preview of field's value: '2/8/2011'",
  "caused_by": {
    "type": "illegal_argument_exception",
    "reason": "failed to parse date field [2/8/2011] with format [strict_date_optional_time||epoch_millis]",
    "caused_by": {
      "type": "date_time_parse_exception",
      "reason": "Failed to parse with all enclosed parsers"
    }
  }
}

Record 95:
  Document ID: UOuvcpkB_VXifmt_5EXF
  Status: 400
  Error: {
  "type": "mapper_parsing_exception",
  "reason": "failed to parse field [data.Order_Date] of type [date] in document with id 'UOuvcpkB_VXifmt_5EXF'. Preview of field's value: '7/26/2011'",
  "caused_by": {
    "type": "illegal_argument_exception",
    "reason": "failed to parse date field [7/26/2011] with format [strict_date_optional_time||epoch_millis]",
    "caused_by": {
      "type": "date_time_parse_exception",
      "reason": "Failed to parse with all enclosed parsers"
    }
  }
}

Record 96:
  Document ID: UeuvcpkB_VXifmt_5EXF
  Status: 400
  Error: {
  "type": "mapper_parsing_exception",
  "reason": "failed to parse field [data.Order_Date] of type [date] in document with id 'UeuvcpkB_VXifmt_5EXF'. Preview of field's value: '11/11/2011'",
  "caused_by": {
    "type": "illegal_argument_exception",
    "reason": "failed to parse date field [11/11/2011] with format [strict_date_optional_time||epoch_millis]",
    "caused_by": {
      "type": "date_time_parse_exception",
      "reason": "Failed to parse with all enclosed parsers"
    }
  }
}

Record 97:
  Document ID: UuuvcpkB_VXifmt_5EXF
  Status: 400
  Error: {
  "type": "mapper_parsing_exception",
  "reason": "failed to parse field [data.Order_Date] of type [date] in document with id 'UuuvcpkB_VXifmt_5EXF'. Preview of field's value: '6/1/2016'",
  "caused_by": {
    "type": "illegal_argument_exception",
    "reason": "failed to parse date field [6/1/2016] with format [strict_date_optional_time||epoch_millis]",
    "caused_by": {
      "type": "date_time_parse_exception",
      "reason": "Failed to parse with all enclosed parsers"
    }
  }
}

Record 98:
  Document ID: U-uvcpkB_VXifmt_5EXF
  Status: 400
  Error: {
  "type": "mapper_parsing_exception",
  "reason": "failed to parse field [data.Order_Date] of type [date] in document with id 'U-uvcpkB_VXifmt_5EXF'. Preview of field's value: '7/30/2015'",
  "caused_by": {
    "type": "illegal_argument_exception",
    "reason": "failed to parse date field [7/30/2015] with format [strict_date_optional_time||epoch_millis]",
    "caused_by": {
      "type": "date_time_parse_exception",
      "reason": "Failed to parse with all enclosed parsers"
    }
  }
}

Record 99:
  Document ID: VOuvcpkB_VXifmt_5EXF
  Status: 400
  Error: {
  "type": "mapper_parsing_exception",
  "reason": "failed to parse field [data.Order_Date] of type [date] in document with id 'VOuvcpkB_VXifmt_5EXF'. Preview of field's value: '2/10/2012'",
  "caused_by": {
    "type": "illegal_argument_exception",
    "reason": "failed to parse date field [2/10/2012] with format [strict_date_optional_time||epoch_millis]",
    "caused_by": {
      "type": "date_time_parse_exception",
      "reason": "Failed to parse with all enclosed parsers"
    }
  }
}

