Elasticsearch Bulk Operation Error Log
Index: datatable3-index
Timestamp: 2025-09-19T20:26:03.080Z
Total Errors: 5

ERROR PATTERNS:
================

1. mapper_parsing_exception in field "data.Position"
   Reason: Expected integer, but got string values
   Count: 5 records
   Sample values: NC, DQ
   Sample documents: 8mKnY5kBUpC2dcfLw0Vj, 82KnY5kBUpC2dcfLw0Vj, B2KnY5kBUpC2dcfLw0Zj


DETAILED ERRORS:
=================

Record 37:
  Document ID: 8mKnY5kBUpC2dcfLw0Vj
  Status: 400
  Error: {
  "type": "mapper_parsing_exception",
  "reason": "failed to parse field [data.Position] of type [integer] in document with id '8mKnY5kBUpC2dcfLw0Vj'. Preview of field's value: 'NC'",
  "caused_by": {
    "type": "number_format_exception",
    "reason": "For input string: \"NC\""
  }
}

Record 38:
  Document ID: 82KnY5kBUpC2dcfLw0Vj
  Status: 400
  Error: {
  "type": "mapper_parsing_exception",
  "reason": "failed to parse field [data.Position] of type [integer] in document with id '82KnY5kBUpC2dcfLw0Vj'. Preview of field's value: 'NC'",
  "caused_by": {
    "type": "number_format_exception",
    "reason": "For input string: \"NC\""
  }
}

Record 58:
  Document ID: B2KnY5kBUpC2dcfLw0Zj
  Status: 400
  Error: {
  "type": "mapper_parsing_exception",
  "reason": "failed to parse field [data.Position] of type [integer] in document with id 'B2KnY5kBUpC2dcfLw0Zj'. Preview of field's value: 'NC'",
  "caused_by": {
    "type": "number_format_exception",
    "reason": "For input string: \"NC\""
  }
}

Record 59:
  Document ID: CGKnY5kBUpC2dcfLw0Zj
  Status: 400
  Error: {
  "type": "mapper_parsing_exception",
  "reason": "failed to parse field [data.Position] of type [integer] in document with id 'CGKnY5kBUpC2dcfLw0Zj'. Preview of field's value: 'DQ'",
  "caused_by": {
    "type": "number_format_exception",
    "reason": "For input string: \"DQ\""
  }
}

Record 78:
  Document ID: G2KnY5kBUpC2dcfLw0Zk
  Status: 400
  Error: {
  "type": "mapper_parsing_exception",
  "reason": "failed to parse field [data.Position] of type [integer] in document with id 'G2KnY5kBUpC2dcfLw0Zk'. Preview of field's value: 'NC'",
  "caused_by": {
    "type": "number_format_exception",
    "reason": "For input string: \"NC\""
  }
}

